[INFO]-2022-12-01 14:41:14-chief_mqtt_main.py:37:Chief is successfully connected with broker@localhost
[INFO]-2022-12-01 14:41:16-chief_mqtt_main.py:37:Chief is successfully connected with broker@localhost
[INFO]-2022-12-01 14:41:17-chief_mqtt_main.py:68:[RECV] TOPIC: Episode_Detail, PAYLOAD: 'episode': 0, 'worker_id': 2, 'loss': 0.18969780746847392, 'score': 166.0, 'gradients_length': 4
[INFO]-2022-12-01 14:41:17-chief_mqtt_main.py:68:[RECV] TOPIC: Episode_Detail, PAYLOAD: 'episode': 0, 'worker_id': 1, 'loss': -0.12130614668130875, 'score': 57.75, 'gradients_length': 4
[INFO]-2022-12-01 14:41:17-chief_mqtt_main.py:68:[RECV] TOPIC: Episode_Detail, PAYLOAD: 'episode': 0, 'worker_id': 0, 'loss': -0.08086332082748413, 'score': 200.0, 'gradients_length': 4
[INFO]-2022-12-01 14:41:18-chief.py:207:[SEND] TOPIC: Update_Ack, PAYLOAD: 'episode': 0, 'global_avg_grad_length': 4

[INFO]-2022-12-01 14:41:19-chief_mqtt_main.py:37:Chief is successfully connected with broker@localhost
[INFO]-2022-12-01 14:41:21-chief_mqtt_main.py:37:Chief is successfully connected with broker@localhost
[INFO]-2022-12-01 14:41:23-chief_mqtt_main.py:37:Chief is successfully connected with broker@localhost
[INFO]-2022-12-01 14:41:25-chief_mqtt_main.py:37:Chief is successfully connected with broker@localhost
[INFO]-2022-12-01 14:41:27-chief_mqtt_main.py:37:Chief is successfully connected with broker@localhost
[INFO]-2022-12-01 14:41:29-chief_mqtt_main.py:37:Chief is successfully connected with broker@localhost
[INFO]-2022-12-01 14:41:31-chief_mqtt_main.py:37:Chief is successfully connected with broker@localhost
[INFO]-2022-12-01 14:41:33-chief_mqtt_main.py:37:Chief is successfully connected with broker@localhost
[INFO]-2022-12-01 14:41:35-chief_mqtt_main.py:37:Chief is successfully connected with broker@localhost
[INFO]-2022-12-01 14:41:37-chief_mqtt_main.py:37:Chief is successfully connected with broker@localhost
[INFO]-2022-12-01 14:41:39-chief_mqtt_main.py:37:Chief is successfully connected with broker@localhost
[INFO]-2022-12-01 14:41:41-chief_mqtt_main.py:37:Chief is successfully connected with broker@localhost
[INFO]-2022-12-01 14:41:43-chief_mqtt_main.py:37:Chief is successfully connected with broker@localhost
[INFO]-2022-12-01 14:41:45-chief_mqtt_main.py:37:Chief is successfully connected with broker@localhost
[INFO]-2022-12-01 14:41:47-chief_mqtt_main.py:37:Chief is successfully connected with broker@localhost
[INFO]-2022-12-01 14:41:49-chief_mqtt_main.py:37:Chief is successfully connected with broker@localhost
[INFO]-2022-12-01 14:41:51-chief_mqtt_main.py:37:Chief is successfully connected with broker@localhost
[INFO]-2022-12-01 14:41:53-chief_mqtt_main.py:37:Chief is successfully connected with broker@localhost
[INFO]-2022-12-01 14:41:55-chief_mqtt_main.py:37:Chief is successfully connected with broker@localhost
[INFO]-2022-12-01 14:41:57-chief_mqtt_main.py:37:Chief is successfully connected with broker@localhost
[INFO]-2022-12-01 14:41:59-chief_mqtt_main.py:37:Chief is successfully connected with broker@localhost
[INFO]-2022-12-01 14:42:01-chief_mqtt_main.py:37:Chief is successfully connected with broker@localhost
[INFO]-2022-12-01 14:42:03-chief_mqtt_main.py:37:Chief is successfully connected with broker@localhost
[INFO]-2022-12-01 14:42:05-chief_mqtt_main.py:37:Chief is successfully connected with broker@localhost
[INFO]-2022-12-01 14:42:07-chief_mqtt_main.py:37:Chief is successfully connected with broker@localhost
[INFO]-2022-12-01 14:42:09-chief_mqtt_main.py:37:Chief is successfully connected with broker@localhost
[INFO]-2022-12-01 14:42:11-chief_mqtt_main.py:37:Chief is successfully connected with broker@localhost
[INFO]-2022-12-01 14:42:13-chief_mqtt_main.py:37:Chief is successfully connected with broker@localhost
[INFO]-2022-12-01 14:42:15-chief_mqtt_main.py:37:Chief is successfully connected with broker@localhost
[INFO]-2022-12-01 14:42:17-chief_mqtt_main.py:37:Chief is successfully connected with broker@localhost
[INFO]-2022-12-01 14:42:19-chief_mqtt_main.py:37:Chief is successfully connected with broker@localhost
[INFO]-2022-12-01 14:42:21-chief_mqtt_main.py:37:Chief is successfully connected with broker@localhost
[INFO]-2022-12-01 14:42:23-chief_mqtt_main.py:37:Chief is successfully connected with broker@localhost
[INFO]-2022-12-01 14:42:25-chief_mqtt_main.py:37:Chief is successfully connected with broker@localhost
[INFO]-2022-12-01 14:42:27-chief_mqtt_main.py:37:Chief is successfully connected with broker@localhost
[INFO]-2022-12-01 14:42:29-chief_mqtt_main.py:37:Chief is successfully connected with broker@localhost
[INFO]-2022-12-01 14:42:31-chief_mqtt_main.py:37:Chief is successfully connected with broker@localhost
[INFO]-2022-12-01 14:42:33-chief_mqtt_main.py:37:Chief is successfully connected with broker@localhost
[INFO]-2022-12-01 14:42:35-chief_mqtt_main.py:37:Chief is successfully connected with broker@localhost
[INFO]-2022-12-01 14:42:37-chief_mqtt_main.py:37:Chief is successfully connected with broker@localhost
[INFO]-2022-12-01 14:42:39-chief_mqtt_main.py:37:Chief is successfully connected with broker@localhost
[INFO]-2022-12-01 14:42:41-chief_mqtt_main.py:37:Chief is successfully connected with broker@localhost
[INFO]-2022-12-01 14:42:43-chief_mqtt_main.py:37:Chief is successfully connected with broker@localhost
[INFO]-2022-12-01 14:42:45-chief_mqtt_main.py:37:Chief is successfully connected with broker@localhost
[INFO]-2022-12-01 14:42:47-chief_mqtt_main.py:37:Chief is successfully connected with broker@localhost
[INFO]-2022-12-01 14:42:49-chief_mqtt_main.py:37:Chief is successfully connected with broker@localhost
[INFO]-2022-12-01 14:42:51-chief_mqtt_main.py:37:Chief is successfully connected with broker@localhost
[INFO]-2022-12-01 14:42:53-chief_mqtt_main.py:37:Chief is successfully connected with broker@localhost
[INFO]-2022-12-01 14:42:55-chief_mqtt_main.py:37:Chief is successfully connected with broker@localhost
[INFO]-2022-12-01 14:42:57-chief_mqtt_main.py:37:Chief is successfully connected with broker@localhost
[INFO]-2022-12-01 14:42:59-chief_mqtt_main.py:37:Chief is successfully connected with broker@localhost
[INFO]-2022-12-01 14:43:01-chief_mqtt_main.py:37:Chief is successfully connected with broker@localhost
[INFO]-2022-12-01 14:43:03-chief_mqtt_main.py:37:Chief is successfully connected with broker@localhost
[INFO]-2022-12-01 14:43:05-chief_mqtt_main.py:37:Chief is successfully connected with broker@localhost
[INFO]-2022-12-01 14:43:07-chief_mqtt_main.py:37:Chief is successfully connected with broker@localhost
[INFO]-2022-12-01 14:43:09-chief_mqtt_main.py:37:Chief is successfully connected with broker@localhost
[INFO]-2022-12-01 14:43:11-chief_mqtt_main.py:37:Chief is successfully connected with broker@localhost
[INFO]-2022-12-01 14:43:13-chief_mqtt_main.py:37:Chief is successfully connected with broker@localhost
[INFO]-2022-12-01 14:43:15-chief_mqtt_main.py:37:Chief is successfully connected with broker@localhost
[INFO]-2022-12-01 14:43:17-chief_mqtt_main.py:37:Chief is successfully connected with broker@localhost
[INFO]-2022-12-01 14:43:19-chief_mqtt_main.py:37:Chief is successfully connected with broker@localhost
[INFO]-2022-12-01 14:43:21-chief_mqtt_main.py:37:Chief is successfully connected with broker@localhost
[INFO]-2022-12-01 14:43:23-chief_mqtt_main.py:37:Chief is successfully connected with broker@localhost
[INFO]-2022-12-01 14:43:25-chief_mqtt_main.py:37:Chief is successfully connected with broker@localhost
[INFO]-2022-12-01 14:43:27-chief_mqtt_main.py:37:Chief is successfully connected with broker@localhost
[INFO]-2022-12-01 14:43:30-chief_mqtt_main.py:37:Chief is successfully connected with broker@localhost
[INFO]-2022-12-01 14:43:32-chief_mqtt_main.py:37:Chief is successfully connected with broker@localhost
[INFO]-2022-12-01 14:43:34-chief_mqtt_main.py:37:Chief is successfully connected with broker@localhost
[INFO]-2022-12-01 14:43:36-chief_mqtt_main.py:37:Chief is successfully connected with broker@localhost
[INFO]-2022-12-01 14:43:38-chief_mqtt_main.py:37:Chief is successfully connected with broker@localhost
[INFO]-2022-12-01 14:43:40-chief_mqtt_main.py:37:Chief is successfully connected with broker@localhost
[INFO]-2022-12-01 14:43:42-chief_mqtt_main.py:37:Chief is successfully connected with broker@localhost
[INFO]-2022-12-01 14:43:44-chief_mqtt_main.py:37:Chief is successfully connected with broker@localhost
[INFO]-2022-12-01 14:43:46-chief_mqtt_main.py:37:Chief is successfully connected with broker@localhost
[INFO]-2022-12-01 14:43:48-chief_mqtt_main.py:37:Chief is successfully connected with broker@localhost
[INFO]-2022-12-01 14:43:50-chief_mqtt_main.py:37:Chief is successfully connected with broker@localhost
[INFO]-2022-12-01 14:43:52-chief_mqtt_main.py:37:Chief is successfully connected with broker@localhost
[INFO]-2022-12-01 14:43:54-chief_mqtt_main.py:37:Chief is successfully connected with broker@localhost
[INFO]-2022-12-01 14:43:56-chief_mqtt_main.py:37:Chief is successfully connected with broker@localhost
[INFO]-2022-12-01 14:43:58-chief_mqtt_main.py:37:Chief is successfully connected with broker@localhost
[INFO]-2022-12-01 14:44:00-chief_mqtt_main.py:37:Chief is successfully connected with broker@localhost
[INFO]-2022-12-01 14:44:02-chief_mqtt_main.py:37:Chief is successfully connected with broker@localhost
[INFO]-2022-12-01 14:44:04-chief_mqtt_main.py:37:Chief is successfully connected with broker@localhost
[INFO]-2022-12-01 14:44:06-chief_mqtt_main.py:37:Chief is successfully connected with broker@localhost
[INFO]-2022-12-01 14:44:08-chief_mqtt_main.py:37:Chief is successfully connected with broker@localhost
[INFO]-2022-12-01 14:44:10-chief_mqtt_main.py:37:Chief is successfully connected with broker@localhost
[INFO]-2022-12-01 14:44:12-chief_mqtt_main.py:37:Chief is successfully connected with broker@localhost
[INFO]-2022-12-01 14:44:14-chief_mqtt_main.py:37:Chief is successfully connected with broker@localhost
[INFO]-2022-12-01 14:44:16-chief_mqtt_main.py:37:Chief is successfully connected with broker@localhost
[INFO]-2022-12-01 14:44:18-chief_mqtt_main.py:37:Chief is successfully connected with broker@localhost
[INFO]-2022-12-01 14:44:20-chief_mqtt_main.py:37:Chief is successfully connected with broker@localhost
[INFO]-2022-12-01 14:44:22-chief_mqtt_main.py:37:Chief is successfully connected with broker@localhost
[INFO]-2022-12-01 14:44:24-chief_mqtt_main.py:37:Chief is successfully connected with broker@localhost
[INFO]-2022-12-01 14:44:26-chief_mqtt_main.py:37:Chief is successfully connected with broker@localhost
[INFO]-2022-12-01 14:44:28-chief_mqtt_main.py:37:Chief is successfully connected with broker@localhost
[INFO]-2022-12-01 14:44:30-chief_mqtt_main.py:37:Chief is successfully connected with broker@localhost
[INFO]-2022-12-01 14:44:32-chief_mqtt_main.py:37:Chief is successfully connected with broker@localhost
[INFO]-2022-12-01 14:44:34-chief_mqtt_main.py:37:Chief is successfully connected with broker@localhost
[INFO]-2022-12-01 14:44:36-chief_mqtt_main.py:37:Chief is successfully connected with broker@localhost
[INFO]-2022-12-01 14:44:38-chief_mqtt_main.py:37:Chief is successfully connected with broker@localhost
[INFO]-2022-12-01 14:44:40-chief_mqtt_main.py:37:Chief is successfully connected with broker@localhost
[INFO]-2022-12-01 14:44:42-chief_mqtt_main.py:37:Chief is successfully connected with broker@localhost
[INFO]-2022-12-01 14:44:44-chief_mqtt_main.py:37:Chief is successfully connected with broker@localhost
[INFO]-2022-12-01 14:44:46-chief_mqtt_main.py:37:Chief is successfully connected with broker@localhost
[INFO]-2022-12-01 14:44:48-chief_mqtt_main.py:37:Chief is successfully connected with broker@localhost
[INFO]-2022-12-01 14:44:50-chief_mqtt_main.py:37:Chief is successfully connected with broker@localhost
[INFO]-2022-12-01 14:44:52-chief_mqtt_main.py:37:Chief is successfully connected with broker@localhost
[INFO]-2022-12-01 14:44:54-chief_mqtt_main.py:37:Chief is successfully connected with broker@localhost
[INFO]-2022-12-01 14:44:56-chief_mqtt_main.py:37:Chief is successfully connected with broker@localhost
[INFO]-2022-12-01 14:44:58-chief_mqtt_main.py:37:Chief is successfully connected with broker@localhost
[INFO]-2022-12-01 14:45:00-chief_mqtt_main.py:37:Chief is successfully connected with broker@localhost
[INFO]-2022-12-01 14:45:02-chief_mqtt_main.py:37:Chief is successfully connected with broker@localhost
[INFO]-2022-12-01 14:45:04-chief_mqtt_main.py:37:Chief is successfully connected with broker@localhost
[INFO]-2022-12-01 14:45:06-chief_mqtt_main.py:37:Chief is successfully connected with broker@localhost
[INFO]-2022-12-01 14:45:08-chief_mqtt_main.py:37:Chief is successfully connected with broker@localhost
[INFO]-2022-12-01 14:45:10-chief_mqtt_main.py:37:Chief is successfully connected with broker@localhost
[INFO]-2022-12-01 14:45:12-chief_mqtt_main.py:37:Chief is successfully connected with broker@localhost
[INFO]-2022-12-01 14:45:14-chief_mqtt_main.py:37:Chief is successfully connected with broker@localhost
[INFO]-2022-12-01 14:45:16-chief_mqtt_main.py:37:Chief is successfully connected with broker@localhost
[INFO]-2022-12-01 14:45:18-chief_mqtt_main.py:37:Chief is successfully connected with broker@localhost
[INFO]-2022-12-01 14:45:20-chief_mqtt_main.py:37:Chief is successfully connected with broker@localhost
[INFO]-2022-12-01 14:45:22-chief_mqtt_main.py:37:Chief is successfully connected with broker@localhost
[INFO]-2022-12-01 14:45:24-chief_mqtt_main.py:37:Chief is successfully connected with broker@localhost
[INFO]-2022-12-01 14:45:26-chief_mqtt_main.py:37:Chief is successfully connected with broker@localhost
[INFO]-2022-12-01 14:45:28-chief_mqtt_main.py:37:Chief is successfully connected with broker@localhost
[INFO]-2022-12-01 14:45:30-chief_mqtt_main.py:37:Chief is successfully connected with broker@localhost
[INFO]-2022-12-01 14:45:32-chief_mqtt_main.py:37:Chief is successfully connected with broker@localhost
[INFO]-2022-12-01 14:45:34-chief_mqtt_main.py:37:Chief is successfully connected with broker@localhost
[INFO]-2022-12-01 14:45:36-chief_mqtt_main.py:37:Chief is successfully connected with broker@localhost
[INFO]-2022-12-01 14:45:38-chief_mqtt_main.py:37:Chief is successfully connected with broker@localhost
[INFO]-2022-12-01 14:45:40-chief_mqtt_main.py:37:Chief is successfully connected with broker@localhost
[INFO]-2022-12-01 14:45:42-chief_mqtt_main.py:37:Chief is successfully connected with broker@localhost
[INFO]-2022-12-01 14:45:44-chief_mqtt_main.py:37:Chief is successfully connected with broker@localhost
[INFO]-2022-12-01 14:45:46-chief_mqtt_main.py:37:Chief is successfully connected with broker@localhost
[INFO]-2022-12-01 14:45:48-chief_mqtt_main.py:37:Chief is successfully connected with broker@localhost
[INFO]-2022-12-01 14:45:50-chief_mqtt_main.py:37:Chief is successfully connected with broker@localhost
[INFO]-2022-12-01 14:45:52-chief_mqtt_main.py:37:Chief is successfully connected with broker@localhost
[INFO]-2022-12-01 14:45:54-chief_mqtt_main.py:37:Chief is successfully connected with broker@localhost
[INFO]-2022-12-01 14:45:56-chief_mqtt_main.py:37:Chief is successfully connected with broker@localhost
[INFO]-2022-12-01 14:45:58-chief_mqtt_main.py:37:Chief is successfully connected with broker@localhost
[INFO]-2022-12-01 14:46:00-chief_mqtt_main.py:37:Chief is successfully connected with broker@localhost
[INFO]-2022-12-01 14:46:02-chief_mqtt_main.py:37:Chief is successfully connected with broker@localhost
[INFO]-2022-12-01 14:46:04-chief_mqtt_main.py:37:Chief is successfully connected with broker@localhost
[INFO]-2022-12-01 14:46:06-chief_mqtt_main.py:37:Chief is successfully connected with broker@localhost
[INFO]-2022-12-01 14:46:08-chief_mqtt_main.py:37:Chief is successfully connected with broker@localhost
[INFO]-2022-12-01 14:46:10-chief_mqtt_main.py:37:Chief is successfully connected with broker@localhost
[INFO]-2022-12-01 14:46:12-chief_mqtt_main.py:37:Chief is successfully connected with broker@localhost
[INFO]-2022-12-01 14:46:14-chief_mqtt_main.py:37:Chief is successfully connected with broker@localhost
[INFO]-2022-12-01 14:46:16-chief_mqtt_main.py:37:Chief is successfully connected with broker@localhost
[INFO]-2022-12-01 14:46:18-chief_mqtt_main.py:37:Chief is successfully connected with broker@localhost
[INFO]-2022-12-01 14:46:20-chief_mqtt_main.py:37:Chief is successfully connected with broker@localhost
[INFO]-2022-12-01 14:46:22-chief_mqtt_main.py:37:Chief is successfully connected with broker@localhost
[INFO]-2022-12-01 14:46:24-chief_mqtt_main.py:37:Chief is successfully connected with broker@localhost
[INFO]-2022-12-01 14:46:26-chief_mqtt_main.py:37:Chief is successfully connected with broker@localhost
[INFO]-2022-12-01 14:46:28-chief_mqtt_main.py:37:Chief is successfully connected with broker@localhost
[INFO]-2022-12-01 14:46:30-chief_mqtt_main.py:37:Chief is successfully connected with broker@localhost
[INFO]-2022-12-01 14:46:32-chief_mqtt_main.py:37:Chief is successfully connected with broker@localhost
[INFO]-2022-12-01 14:46:34-chief_mqtt_main.py:37:Chief is successfully connected with broker@localhost
[INFO]-2022-12-01 14:46:36-chief_mqtt_main.py:37:Chief is successfully connected with broker@localhost
[INFO]-2022-12-01 14:46:38-chief_mqtt_main.py:37:Chief is successfully connected with broker@localhost
[INFO]-2022-12-01 14:46:40-chief_mqtt_main.py:37:Chief is successfully connected with broker@localhost
[INFO]-2022-12-01 14:46:42-chief_mqtt_main.py:37:Chief is successfully connected with broker@localhost
[INFO]-2022-12-01 14:46:44-chief_mqtt_main.py:37:Chief is successfully connected with broker@localhost
[INFO]-2022-12-01 14:46:46-chief_mqtt_main.py:37:Chief is successfully connected with broker@localhost
[INFO]-2022-12-01 14:46:48-chief_mqtt_main.py:37:Chief is successfully connected with broker@localhost
[INFO]-2022-12-01 14:46:50-chief_mqtt_main.py:37:Chief is successfully connected with broker@localhost
[INFO]-2022-12-01 14:46:52-chief_mqtt_main.py:37:Chief is successfully connected with broker@localhost
[INFO]-2022-12-01 14:46:54-chief_mqtt_main.py:37:Chief is successfully connected with broker@localhost
[INFO]-2022-12-01 14:46:56-chief_mqtt_main.py:37:Chief is successfully connected with broker@localhost
[INFO]-2022-12-01 14:46:58-chief_mqtt_main.py:37:Chief is successfully connected with broker@localhost
[INFO]-2022-12-01 14:47:00-chief_mqtt_main.py:37:Chief is successfully connected with broker@localhost
[INFO]-2022-12-01 14:47:02-chief_mqtt_main.py:37:Chief is successfully connected with broker@localhost
[INFO]-2022-12-01 14:47:04-chief_mqtt_main.py:37:Chief is successfully connected with broker@localhost
[INFO]-2022-12-01 14:47:06-chief_mqtt_main.py:37:Chief is successfully connected with broker@localhost
[INFO]-2022-12-01 14:47:08-chief_mqtt_main.py:37:Chief is successfully connected with broker@localhost
[INFO]-2022-12-01 14:47:10-chief_mqtt_main.py:37:Chief is successfully connected with broker@localhost
[INFO]-2022-12-01 14:47:12-chief_mqtt_main.py:37:Chief is successfully connected with broker@localhost
[INFO]-2022-12-01 14:47:14-chief_mqtt_main.py:37:Chief is successfully connected with broker@localhost
[INFO]-2022-12-01 14:47:16-chief_mqtt_main.py:37:Chief is successfully connected with broker@localhost
[INFO]-2022-12-01 14:47:18-chief_mqtt_main.py:37:Chief is successfully connected with broker@localhost
[INFO]-2022-12-01 14:47:20-chief_mqtt_main.py:37:Chief is successfully connected with broker@localhost
[INFO]-2022-12-01 14:47:22-chief_mqtt_main.py:37:Chief is successfully connected with broker@localhost
[INFO]-2022-12-01 14:47:24-chief_mqtt_main.py:37:Chief is successfully connected with broker@localhost
[INFO]-2022-12-01 14:47:26-chief_mqtt_main.py:37:Chief is successfully connected with broker@localhost
[INFO]-2022-12-01 14:47:28-chief_mqtt_main.py:37:Chief is successfully connected with broker@localhost
[INFO]-2022-12-01 14:47:30-chief_mqtt_main.py:37:Chief is successfully connected with broker@localhost
[INFO]-2022-12-01 14:47:32-chief_mqtt_main.py:37:Chief is successfully connected with broker@localhost
[INFO]-2022-12-01 14:47:34-chief_mqtt_main.py:37:Chief is successfully connected with broker@localhost
[INFO]-2022-12-01 14:47:36-chief_mqtt_main.py:37:Chief is successfully connected with broker@localhost
[INFO]-2022-12-01 14:47:38-chief_mqtt_main.py:37:Chief is successfully connected with broker@localhost
[INFO]-2022-12-01 14:47:40-chief_mqtt_main.py:37:Chief is successfully connected with broker@localhost
[INFO]-2022-12-01 14:47:42-chief_mqtt_main.py:37:Chief is successfully connected with broker@localhost
[INFO]-2022-12-01 14:47:44-chief_mqtt_main.py:37:Chief is successfully connected with broker@localhost
[INFO]-2022-12-01 14:47:46-chief_mqtt_main.py:37:Chief is successfully connected with broker@localhost
[INFO]-2022-12-01 14:47:48-chief_mqtt_main.py:37:Chief is successfully connected with broker@localhost
[INFO]-2022-12-01 14:47:50-chief_mqtt_main.py:37:Chief is successfully connected with broker@localhost
[INFO]-2022-12-01 14:47:52-chief_mqtt_main.py:37:Chief is successfully connected with broker@localhost
[INFO]-2022-12-01 14:47:54-chief_mqtt_main.py:37:Chief is successfully connected with broker@localhost
[INFO]-2022-12-01 14:47:56-chief_mqtt_main.py:37:Chief is successfully connected with broker@localhost
[INFO]-2022-12-01 14:47:58-chief_mqtt_main.py:37:Chief is successfully connected with broker@localhost
[INFO]-2022-12-01 14:48:00-chief_mqtt_main.py:37:Chief is successfully connected with broker@localhost
[INFO]-2022-12-01 14:48:02-chief_mqtt_main.py:37:Chief is successfully connected with broker@localhost
[INFO]-2022-12-01 14:48:04-chief_mqtt_main.py:37:Chief is successfully connected with broker@localhost
[INFO]-2022-12-01 14:48:06-chief_mqtt_main.py:37:Chief is successfully connected with broker@localhost
[INFO]-2022-12-01 14:48:08-chief_mqtt_main.py:37:Chief is successfully connected with broker@localhost
[INFO]-2022-12-01 14:48:10-chief_mqtt_main.py:37:Chief is successfully connected with broker@localhost
[INFO]-2022-12-01 14:48:12-chief_mqtt_main.py:37:Chief is successfully connected with broker@localhost
[INFO]-2022-12-01 14:48:14-chief_mqtt_main.py:37:Chief is successfully connected with broker@localhost
[INFO]-2022-12-01 14:48:16-chief_mqtt_main.py:37:Chief is successfully connected with broker@localhost
[INFO]-2022-12-01 14:48:18-chief_mqtt_main.py:37:Chief is successfully connected with broker@localhost
[INFO]-2022-12-01 14:48:20-chief_mqtt_main.py:37:Chief is successfully connected with broker@localhost
[INFO]-2022-12-01 14:48:22-chief_mqtt_main.py:37:Chief is successfully connected with broker@localhost
[INFO]-2022-12-01 14:48:24-chief_mqtt_main.py:37:Chief is successfully connected with broker@localhost
[INFO]-2022-12-01 14:48:26-chief_mqtt_main.py:37:Chief is successfully connected with broker@localhost
[INFO]-2022-12-01 14:48:28-chief_mqtt_main.py:37:Chief is successfully connected with broker@localhost
[INFO]-2022-12-01 14:48:30-chief_mqtt_main.py:37:Chief is successfully connected with broker@localhost
[INFO]-2022-12-01 14:48:32-chief_mqtt_main.py:37:Chief is successfully connected with broker@localhost
[INFO]-2022-12-01 14:48:34-chief_mqtt_main.py:37:Chief is successfully connected with broker@localhost
[INFO]-2022-12-01 14:48:36-chief_mqtt_main.py:37:Chief is successfully connected with broker@localhost
[INFO]-2022-12-01 14:48:38-chief_mqtt_main.py:37:Chief is successfully connected with broker@localhost
[INFO]-2022-12-01 14:48:40-chief_mqtt_main.py:37:Chief is successfully connected with broker@localhost
[INFO]-2022-12-01 14:48:42-chief_mqtt_main.py:37:Chief is successfully connected with broker@localhost
[INFO]-2022-12-01 14:48:44-chief_mqtt_main.py:37:Chief is successfully connected with broker@localhost
[INFO]-2022-12-01 14:48:46-chief_mqtt_main.py:37:Chief is successfully connected with broker@localhost
[INFO]-2022-12-01 14:48:48-chief_mqtt_main.py:37:Chief is successfully connected with broker@localhost
[INFO]-2022-12-01 14:48:50-chief_mqtt_main.py:37:Chief is successfully connected with broker@localhost
[INFO]-2022-12-01 14:48:52-chief_mqtt_main.py:37:Chief is successfully connected with broker@localhost
[INFO]-2022-12-01 14:48:54-chief_mqtt_main.py:37:Chief is successfully connected with broker@localhost
[INFO]-2022-12-01 14:48:56-chief_mqtt_main.py:37:Chief is successfully connected with broker@localhost
[INFO]-2022-12-01 14:48:58-chief_mqtt_main.py:37:Chief is successfully connected with broker@localhost
[INFO]-2022-12-01 14:49:00-chief_mqtt_main.py:37:Chief is successfully connected with broker@localhost
[INFO]-2022-12-01 14:49:02-chief_mqtt_main.py:37:Chief is successfully connected with broker@localhost
[INFO]-2022-12-01 14:49:04-chief_mqtt_main.py:37:Chief is successfully connected with broker@localhost
[INFO]-2022-12-01 14:49:06-chief_mqtt_main.py:37:Chief is successfully connected with broker@localhost
[INFO]-2022-12-01 14:49:08-chief_mqtt_main.py:37:Chief is successfully connected with broker@localhost
[INFO]-2022-12-01 14:49:10-chief_mqtt_main.py:37:Chief is successfully connected with broker@localhost
[INFO]-2022-12-01 14:49:12-chief_mqtt_main.py:37:Chief is successfully connected with broker@localhost
[INFO]-2022-12-01 14:49:14-chief_mqtt_main.py:37:Chief is successfully connected with broker@localhost
[INFO]-2022-12-01 14:49:16-chief_mqtt_main.py:37:Chief is successfully connected with broker@localhost
[INFO]-2022-12-01 14:49:18-chief_mqtt_main.py:37:Chief is successfully connected with broker@localhost
[INFO]-2022-12-01 14:49:20-chief_mqtt_main.py:37:Chief is successfully connected with broker@localhost
[INFO]-2022-12-01 14:49:22-chief_mqtt_main.py:37:Chief is successfully connected with broker@localhost
[INFO]-2022-12-01 14:49:24-chief_mqtt_main.py:37:Chief is successfully connected with broker@localhost
[INFO]-2022-12-01 14:49:26-chief_mqtt_main.py:37:Chief is successfully connected with broker@localhost
[INFO]-2022-12-01 14:49:28-chief_mqtt_main.py:37:Chief is successfully connected with broker@localhost
[INFO]-2022-12-01 14:49:30-chief_mqtt_main.py:37:Chief is successfully connected with broker@localhost
[INFO]-2022-12-01 14:49:32-chief_mqtt_main.py:37:Chief is successfully connected with broker@localhost
[INFO]-2022-12-01 14:49:34-chief_mqtt_main.py:37:Chief is successfully connected with broker@localhost
[INFO]-2022-12-01 14:49:36-chief_mqtt_main.py:37:Chief is successfully connected with broker@localhost
[INFO]-2022-12-01 14:49:38-chief_mqtt_main.py:37:Chief is successfully connected with broker@localhost
[INFO]-2022-12-01 14:49:40-chief_mqtt_main.py:37:Chief is successfully connected with broker@localhost
[INFO]-2022-12-01 14:49:42-chief_mqtt_main.py:37:Chief is successfully connected with broker@localhost
[INFO]-2022-12-01 14:49:44-chief_mqtt_main.py:37:Chief is successfully connected with broker@localhost
[INFO]-2022-12-01 14:49:46-chief_mqtt_main.py:37:Chief is successfully connected with broker@localhost
[INFO]-2022-12-01 14:49:48-chief_mqtt_main.py:37:Chief is successfully connected with broker@localhost
[INFO]-2022-12-01 14:49:50-chief_mqtt_main.py:37:Chief is successfully connected with broker@localhost
[INFO]-2022-12-01 14:49:52-chief_mqtt_main.py:37:Chief is successfully connected with broker@localhost
[INFO]-2022-12-01 14:49:54-chief_mqtt_main.py:37:Chief is successfully connected with broker@localhost
[INFO]-2022-12-01 14:49:56-chief_mqtt_main.py:37:Chief is successfully connected with broker@localhost
[INFO]-2022-12-01 14:49:58-chief_mqtt_main.py:37:Chief is successfully connected with broker@localhost
[INFO]-2022-12-01 14:50:00-chief_mqtt_main.py:37:Chief is successfully connected with broker@localhost
[INFO]-2022-12-01 14:50:02-chief_mqtt_main.py:37:Chief is successfully connected with broker@localhost
[INFO]-2022-12-01 14:50:04-chief_mqtt_main.py:37:Chief is successfully connected with broker@localhost
[INFO]-2022-12-01 14:50:06-chief_mqtt_main.py:37:Chief is successfully connected with broker@localhost
[INFO]-2022-12-01 14:50:08-chief_mqtt_main.py:37:Chief is successfully connected with broker@localhost
[INFO]-2022-12-01 14:50:10-chief_mqtt_main.py:37:Chief is successfully connected with broker@localhost
[INFO]-2022-12-01 14:50:12-chief_mqtt_main.py:37:Chief is successfully connected with broker@localhost
[INFO]-2022-12-01 14:50:14-chief_mqtt_main.py:37:Chief is successfully connected with broker@localhost
[INFO]-2022-12-01 14:50:16-chief_mqtt_main.py:37:Chief is successfully connected with broker@localhost
[INFO]-2022-12-01 14:50:18-chief_mqtt_main.py:37:Chief is successfully connected with broker@localhost
[INFO]-2022-12-01 14:50:20-chief_mqtt_main.py:37:Chief is successfully connected with broker@localhost
[INFO]-2022-12-01 14:50:22-chief_mqtt_main.py:37:Chief is successfully connected with broker@localhost
[INFO]-2022-12-01 14:50:24-chief_mqtt_main.py:37:Chief is successfully connected with broker@localhost
[INFO]-2022-12-01 14:50:26-chief_mqtt_main.py:37:Chief is successfully connected with broker@localhost
[INFO]-2022-12-01 14:50:28-chief_mqtt_main.py:37:Chief is successfully connected with broker@localhost
[INFO]-2022-12-01 14:50:30-chief_mqtt_main.py:37:Chief is successfully connected with broker@localhost
[INFO]-2022-12-01 14:50:32-chief_mqtt_main.py:37:Chief is successfully connected with broker@localhost
[INFO]-2022-12-01 14:50:34-chief_mqtt_main.py:37:Chief is successfully connected with broker@localhost
[INFO]-2022-12-01 14:50:36-chief_mqtt_main.py:37:Chief is successfully connected with broker@localhost
[INFO]-2022-12-01 14:50:38-chief_mqtt_main.py:37:Chief is successfully connected with broker@localhost
[INFO]-2022-12-01 14:50:40-chief_mqtt_main.py:37:Chief is successfully connected with broker@localhost
[INFO]-2022-12-01 14:50:42-chief_mqtt_main.py:37:Chief is successfully connected with broker@localhost
[INFO]-2022-12-01 14:50:44-chief_mqtt_main.py:37:Chief is successfully connected with broker@localhost
[INFO]-2022-12-01 14:50:46-chief_mqtt_main.py:37:Chief is successfully connected with broker@localhost
[INFO]-2022-12-01 14:50:48-chief_mqtt_main.py:37:Chief is successfully connected with broker@localhost
[INFO]-2022-12-01 14:50:50-chief_mqtt_main.py:37:Chief is successfully connected with broker@localhost
[INFO]-2022-12-01 14:50:52-chief_mqtt_main.py:37:Chief is successfully connected with broker@localhost
[INFO]-2022-12-01 14:50:54-chief_mqtt_main.py:37:Chief is successfully connected with broker@localhost
[INFO]-2022-12-01 14:50:56-chief_mqtt_main.py:37:Chief is successfully connected with broker@localhost
[INFO]-2022-12-01 14:50:59-chief_mqtt_main.py:37:Chief is successfully connected with broker@localhost
[INFO]-2022-12-01 14:51:01-chief_mqtt_main.py:37:Chief is successfully connected with broker@localhost
[INFO]-2022-12-01 14:51:03-chief_mqtt_main.py:37:Chief is successfully connected with broker@localhost
[INFO]-2022-12-01 14:51:05-chief_mqtt_main.py:37:Chief is successfully connected with broker@localhost
[INFO]-2022-12-01 14:51:07-chief_mqtt_main.py:37:Chief is successfully connected with broker@localhost
[INFO]-2022-12-01 14:51:09-chief_mqtt_main.py:37:Chief is successfully connected with broker@localhost
[INFO]-2022-12-01 14:51:11-chief_mqtt_main.py:37:Chief is successfully connected with broker@localhost
[INFO]-2022-12-01 14:51:13-chief_mqtt_main.py:37:Chief is successfully connected with broker@localhost
[INFO]-2022-12-01 14:51:15-chief_mqtt_main.py:37:Chief is successfully connected with broker@localhost
[INFO]-2022-12-01 14:51:17-chief_mqtt_main.py:37:Chief is successfully connected with broker@localhost
[INFO]-2022-12-01 14:51:19-chief_mqtt_main.py:37:Chief is successfully connected with broker@localhost
[INFO]-2022-12-01 14:51:21-chief_mqtt_main.py:37:Chief is successfully connected with broker@localhost
[INFO]-2022-12-01 14:51:23-chief_mqtt_main.py:37:Chief is successfully connected with broker@localhost
[INFO]-2022-12-01 14:51:25-chief_mqtt_main.py:37:Chief is successfully connected with broker@localhost
[INFO]-2022-12-01 14:51:27-chief_mqtt_main.py:37:Chief is successfully connected with broker@localhost
[INFO]-2022-12-01 14:51:29-chief_mqtt_main.py:37:Chief is successfully connected with broker@localhost
[INFO]-2022-12-01 14:51:31-chief_mqtt_main.py:37:Chief is successfully connected with broker@localhost
[INFO]-2022-12-01 14:51:33-chief_mqtt_main.py:37:Chief is successfully connected with broker@localhost
[INFO]-2022-12-01 14:51:35-chief_mqtt_main.py:37:Chief is successfully connected with broker@localhost
[INFO]-2022-12-01 14:51:37-chief_mqtt_main.py:37:Chief is successfully connected with broker@localhost
[INFO]-2022-12-01 14:51:39-chief_mqtt_main.py:37:Chief is successfully connected with broker@localhost
[INFO]-2022-12-01 14:51:41-chief_mqtt_main.py:37:Chief is successfully connected with broker@localhost
[INFO]-2022-12-01 14:51:43-chief_mqtt_main.py:37:Chief is successfully connected with broker@localhost
[INFO]-2022-12-01 14:51:45-chief_mqtt_main.py:37:Chief is successfully connected with broker@localhost
[INFO]-2022-12-01 14:51:47-chief_mqtt_main.py:37:Chief is successfully connected with broker@localhost
[INFO]-2022-12-01 14:51:49-chief_mqtt_main.py:37:Chief is successfully connected with broker@localhost
[INFO]-2022-12-01 14:51:51-chief_mqtt_main.py:37:Chief is successfully connected with broker@localhost
[INFO]-2022-12-01 14:51:53-chief_mqtt_main.py:37:Chief is successfully connected with broker@localhost
[INFO]-2022-12-01 14:51:55-chief_mqtt_main.py:37:Chief is successfully connected with broker@localhost
[INFO]-2022-12-01 14:51:57-chief_mqtt_main.py:37:Chief is successfully connected with broker@localhost
[INFO]-2022-12-01 14:51:59-chief_mqtt_main.py:37:Chief is successfully connected with broker@localhost
[INFO]-2022-12-01 14:52:01-chief_mqtt_main.py:37:Chief is successfully connected with broker@localhost
[INFO]-2022-12-01 14:52:03-chief_mqtt_main.py:37:Chief is successfully connected with broker@localhost
[INFO]-2022-12-01 14:52:05-chief_mqtt_main.py:37:Chief is successfully connected with broker@localhost
[INFO]-2022-12-01 14:52:07-chief_mqtt_main.py:37:Chief is successfully connected with broker@localhost
[INFO]-2022-12-01 14:52:09-chief_mqtt_main.py:37:Chief is successfully connected with broker@localhost
[INFO]-2022-12-01 14:52:11-chief_mqtt_main.py:37:Chief is successfully connected with broker@localhost
[INFO]-2022-12-01 14:52:13-chief_mqtt_main.py:37:Chief is successfully connected with broker@localhost
[INFO]-2022-12-01 14:52:15-chief_mqtt_main.py:37:Chief is successfully connected with broker@localhost
[INFO]-2022-12-01 14:52:17-chief_mqtt_main.py:37:Chief is successfully connected with broker@localhost
[INFO]-2022-12-01 14:52:19-chief_mqtt_main.py:37:Chief is successfully connected with broker@localhost
[INFO]-2022-12-01 14:52:21-chief_mqtt_main.py:37:Chief is successfully connected with broker@localhost
[INFO]-2022-12-01 14:52:23-chief_mqtt_main.py:37:Chief is successfully connected with broker@localhost
[INFO]-2022-12-01 14:52:25-chief_mqtt_main.py:37:Chief is successfully connected with broker@localhost
[INFO]-2022-12-01 14:52:27-chief_mqtt_main.py:37:Chief is successfully connected with broker@localhost
[INFO]-2022-12-01 14:52:29-chief_mqtt_main.py:37:Chief is successfully connected with broker@localhost
[INFO]-2022-12-01 14:52:31-chief_mqtt_main.py:37:Chief is successfully connected with broker@localhost
[INFO]-2022-12-01 14:52:33-chief_mqtt_main.py:37:Chief is successfully connected with broker@localhost
[INFO]-2022-12-01 14:52:35-chief_mqtt_main.py:37:Chief is successfully connected with broker@localhost
[INFO]-2022-12-01 14:52:37-chief_mqtt_main.py:37:Chief is successfully connected with broker@localhost
[INFO]-2022-12-01 14:52:39-chief_mqtt_main.py:37:Chief is successfully connected with broker@localhost
[INFO]-2022-12-01 14:52:41-chief_mqtt_main.py:37:Chief is successfully connected with broker@localhost
[INFO]-2022-12-01 14:52:43-chief_mqtt_main.py:37:Chief is successfully connected with broker@localhost
[INFO]-2022-12-01 14:52:45-chief_mqtt_main.py:37:Chief is successfully connected with broker@localhost
[INFO]-2022-12-01 14:52:47-chief_mqtt_main.py:37:Chief is successfully connected with broker@localhost
[INFO]-2022-12-01 14:52:49-chief_mqtt_main.py:37:Chief is successfully connected with broker@localhost
[INFO]-2022-12-01 14:52:51-chief_mqtt_main.py:37:Chief is successfully connected with broker@localhost
[INFO]-2022-12-01 14:52:53-chief_mqtt_main.py:37:Chief is successfully connected with broker@localhost
[INFO]-2022-12-01 14:52:55-chief_mqtt_main.py:37:Chief is successfully connected with broker@localhost
[INFO]-2022-12-01 14:52:57-chief_mqtt_main.py:37:Chief is successfully connected with broker@localhost
[INFO]-2022-12-01 14:52:59-chief_mqtt_main.py:37:Chief is successfully connected with broker@localhost
[INFO]-2022-12-01 14:53:01-chief_mqtt_main.py:37:Chief is successfully connected with broker@localhost
[INFO]-2022-12-01 14:53:03-chief_mqtt_main.py:37:Chief is successfully connected with broker@localhost
[INFO]-2022-12-01 14:53:05-chief_mqtt_main.py:37:Chief is successfully connected with broker@localhost
[INFO]-2022-12-01 14:53:07-chief_mqtt_main.py:37:Chief is successfully connected with broker@localhost
[INFO]-2022-12-01 14:53:09-chief_mqtt_main.py:37:Chief is successfully connected with broker@localhost
[INFO]-2022-12-01 14:53:11-chief_mqtt_main.py:37:Chief is successfully connected with broker@localhost
[INFO]-2022-12-01 14:53:13-chief_mqtt_main.py:37:Chief is successfully connected with broker@localhost
[INFO]-2022-12-01 14:53:15-chief_mqtt_main.py:37:Chief is successfully connected with broker@localhost
[INFO]-2022-12-01 14:53:17-chief_mqtt_main.py:37:Chief is successfully connected with broker@localhost
[INFO]-2022-12-01 14:53:19-chief_mqtt_main.py:37:Chief is successfully connected with broker@localhost
[INFO]-2022-12-01 14:53:21-chief_mqtt_main.py:37:Chief is successfully connected with broker@localhost
[INFO]-2022-12-01 14:53:23-chief_mqtt_main.py:37:Chief is successfully connected with broker@localhost
[INFO]-2022-12-01 14:53:25-chief_mqtt_main.py:37:Chief is successfully connected with broker@localhost
[INFO]-2022-12-01 14:53:27-chief_mqtt_main.py:37:Chief is successfully connected with broker@localhost
[INFO]-2022-12-01 14:53:29-chief_mqtt_main.py:37:Chief is successfully connected with broker@localhost
[INFO]-2022-12-01 14:53:31-chief_mqtt_main.py:37:Chief is successfully connected with broker@localhost
[INFO]-2022-12-01 14:53:33-chief_mqtt_main.py:37:Chief is successfully connected with broker@localhost
[INFO]-2022-12-01 14:53:35-chief_mqtt_main.py:37:Chief is successfully connected with broker@localhost
[INFO]-2022-12-01 14:53:37-chief_mqtt_main.py:37:Chief is successfully connected with broker@localhost
[INFO]-2022-12-01 14:53:39-chief_mqtt_main.py:37:Chief is successfully connected with broker@localhost
[INFO]-2022-12-01 14:53:41-chief_mqtt_main.py:37:Chief is successfully connected with broker@localhost
[INFO]-2022-12-01 14:53:43-chief_mqtt_main.py:37:Chief is successfully connected with broker@localhost
[INFO]-2022-12-01 14:53:45-chief_mqtt_main.py:37:Chief is successfully connected with broker@localhost
[INFO]-2022-12-01 14:53:47-chief_mqtt_main.py:37:Chief is successfully connected with broker@localhost
[INFO]-2022-12-01 14:53:49-chief_mqtt_main.py:37:Chief is successfully connected with broker@localhost
[INFO]-2022-12-01 14:53:51-chief_mqtt_main.py:37:Chief is successfully connected with broker@localhost
[INFO]-2022-12-01 14:53:53-chief_mqtt_main.py:37:Chief is successfully connected with broker@localhost
[INFO]-2022-12-01 14:53:55-chief_mqtt_main.py:37:Chief is successfully connected with broker@localhost
[INFO]-2022-12-01 14:53:57-chief_mqtt_main.py:37:Chief is successfully connected with broker@localhost
[INFO]-2022-12-01 14:53:59-chief_mqtt_main.py:37:Chief is successfully connected with broker@localhost
[INFO]-2022-12-01 14:54:01-chief_mqtt_main.py:37:Chief is successfully connected with broker@localhost
[INFO]-2022-12-01 14:54:03-chief_mqtt_main.py:37:Chief is successfully connected with broker@localhost
[INFO]-2022-12-01 14:54:05-chief_mqtt_main.py:37:Chief is successfully connected with broker@localhost
[INFO]-2022-12-01 14:54:07-chief_mqtt_main.py:37:Chief is successfully connected with broker@localhost
[INFO]-2022-12-01 14:54:09-chief_mqtt_main.py:37:Chief is successfully connected with broker@localhost
[INFO]-2022-12-01 14:54:11-chief_mqtt_main.py:37:Chief is successfully connected with broker@localhost
[INFO]-2022-12-01 14:54:13-chief_mqtt_main.py:37:Chief is successfully connected with broker@localhost
[INFO]-2022-12-01 14:54:15-chief_mqtt_main.py:37:Chief is successfully connected with broker@localhost
[INFO]-2022-12-01 14:54:17-chief_mqtt_main.py:37:Chief is successfully connected with broker@localhost
[INFO]-2022-12-01 14:54:19-chief_mqtt_main.py:37:Chief is successfully connected with broker@localhost
[INFO]-2022-12-01 14:54:21-chief_mqtt_main.py:37:Chief is successfully connected with broker@localhost
[INFO]-2022-12-01 14:54:23-chief_mqtt_main.py:37:Chief is successfully connected with broker@localhost
[INFO]-2022-12-01 14:54:25-chief_mqtt_main.py:37:Chief is successfully connected with broker@localhost
[INFO]-2022-12-01 14:54:27-chief_mqtt_main.py:37:Chief is successfully connected with broker@localhost
[INFO]-2022-12-01 14:54:29-chief_mqtt_main.py:37:Chief is successfully connected with broker@localhost
[INFO]-2022-12-01 14:54:31-chief_mqtt_main.py:37:Chief is successfully connected with broker@localhost
[INFO]-2022-12-01 14:54:33-chief_mqtt_main.py:37:Chief is successfully connected with broker@localhost
[INFO]-2022-12-01 14:54:35-chief_mqtt_main.py:37:Chief is successfully connected with broker@localhost
[INFO]-2022-12-01 14:54:37-chief_mqtt_main.py:37:Chief is successfully connected with broker@localhost
[INFO]-2022-12-01 14:54:39-chief_mqtt_main.py:37:Chief is successfully connected with broker@localhost
[INFO]-2022-12-01 14:54:41-chief_mqtt_main.py:37:Chief is successfully connected with broker@localhost
[INFO]-2022-12-01 14:54:43-chief_mqtt_main.py:37:Chief is successfully connected with broker@localhost
[INFO]-2022-12-01 14:54:45-chief_mqtt_main.py:37:Chief is successfully connected with broker@localhost
[INFO]-2022-12-01 14:54:47-chief_mqtt_main.py:37:Chief is successfully connected with broker@localhost
[INFO]-2022-12-01 14:54:49-chief_mqtt_main.py:37:Chief is successfully connected with broker@localhost
[INFO]-2022-12-01 14:54:51-chief_mqtt_main.py:37:Chief is successfully connected with broker@localhost
[INFO]-2022-12-01 14:54:53-chief_mqtt_main.py:37:Chief is successfully connected with broker@localhost
[INFO]-2022-12-01 14:54:55-chief_mqtt_main.py:37:Chief is successfully connected with broker@localhost
[INFO]-2022-12-01 14:54:57-chief_mqtt_main.py:37:Chief is successfully connected with broker@localhost
[INFO]-2022-12-01 14:54:59-chief_mqtt_main.py:37:Chief is successfully connected with broker@localhost
[INFO]-2022-12-01 14:55:01-chief_mqtt_main.py:37:Chief is successfully connected with broker@localhost
[INFO]-2022-12-01 14:55:03-chief_mqtt_main.py:37:Chief is successfully connected with broker@localhost
[INFO]-2022-12-01 14:55:05-chief_mqtt_main.py:37:Chief is successfully connected with broker@localhost
[INFO]-2022-12-01 14:55:07-chief_mqtt_main.py:37:Chief is successfully connected with broker@localhost
[INFO]-2022-12-01 14:55:09-chief_mqtt_main.py:37:Chief is successfully connected with broker@localhost
[INFO]-2022-12-01 14:55:11-chief_mqtt_main.py:37:Chief is successfully connected with broker@localhost
[INFO]-2022-12-01 14:55:13-chief_mqtt_main.py:37:Chief is successfully connected with broker@localhost
[INFO]-2022-12-01 14:55:15-chief_mqtt_main.py:37:Chief is successfully connected with broker@localhost
[INFO]-2022-12-01 14:55:17-chief_mqtt_main.py:37:Chief is successfully connected with broker@localhost
[INFO]-2022-12-01 14:55:19-chief_mqtt_main.py:37:Chief is successfully connected with broker@localhost
[INFO]-2022-12-01 14:55:21-chief_mqtt_main.py:37:Chief is successfully connected with broker@localhost
[INFO]-2022-12-01 14:55:23-chief_mqtt_main.py:37:Chief is successfully connected with broker@localhost
[INFO]-2022-12-01 14:55:25-chief_mqtt_main.py:37:Chief is successfully connected with broker@localhost
[INFO]-2022-12-01 14:55:27-chief_mqtt_main.py:37:Chief is successfully connected with broker@localhost
[INFO]-2022-12-01 14:55:29-chief_mqtt_main.py:37:Chief is successfully connected with broker@localhost
[INFO]-2022-12-01 14:55:31-chief_mqtt_main.py:37:Chief is successfully connected with broker@localhost
[INFO]-2022-12-01 14:55:33-chief_mqtt_main.py:37:Chief is successfully connected with broker@localhost
[INFO]-2022-12-01 14:55:35-chief_mqtt_main.py:37:Chief is successfully connected with broker@localhost
[INFO]-2022-12-01 14:55:37-chief_mqtt_main.py:37:Chief is successfully connected with broker@localhost
[INFO]-2022-12-01 14:55:39-chief_mqtt_main.py:37:Chief is successfully connected with broker@localhost
[INFO]-2022-12-01 14:55:41-chief_mqtt_main.py:37:Chief is successfully connected with broker@localhost
[INFO]-2022-12-01 14:55:43-chief_mqtt_main.py:37:Chief is successfully connected with broker@localhost
[INFO]-2022-12-01 14:55:45-chief_mqtt_main.py:37:Chief is successfully connected with broker@localhost
[INFO]-2022-12-01 14:55:47-chief_mqtt_main.py:37:Chief is successfully connected with broker@localhost
[INFO]-2022-12-01 14:55:49-chief_mqtt_main.py:37:Chief is successfully connected with broker@localhost
[INFO]-2022-12-01 14:55:51-chief_mqtt_main.py:37:Chief is successfully connected with broker@localhost
[INFO]-2022-12-01 14:55:53-chief_mqtt_main.py:37:Chief is successfully connected with broker@localhost
[INFO]-2022-12-01 14:55:55-chief_mqtt_main.py:37:Chief is successfully connected with broker@localhost
[INFO]-2022-12-01 14:55:57-chief_mqtt_main.py:37:Chief is successfully connected with broker@localhost
[INFO]-2022-12-01 14:55:59-chief_mqtt_main.py:37:Chief is successfully connected with broker@localhost
[INFO]-2022-12-01 14:56:01-chief_mqtt_main.py:37:Chief is successfully connected with broker@localhost
[INFO]-2022-12-01 14:56:03-chief_mqtt_main.py:37:Chief is successfully connected with broker@localhost
[INFO]-2022-12-01 14:56:05-chief_mqtt_main.py:37:Chief is successfully connected with broker@localhost
[INFO]-2022-12-01 14:56:07-chief_mqtt_main.py:37:Chief is successfully connected with broker@localhost
[INFO]-2022-12-01 14:56:09-chief_mqtt_main.py:37:Chief is successfully connected with broker@localhost
[INFO]-2022-12-01 14:56:11-chief_mqtt_main.py:37:Chief is successfully connected with broker@localhost
[INFO]-2022-12-01 14:56:13-chief_mqtt_main.py:37:Chief is successfully connected with broker@localhost
[INFO]-2022-12-01 14:56:15-chief_mqtt_main.py:37:Chief is successfully connected with broker@localhost
[INFO]-2022-12-01 14:56:17-chief_mqtt_main.py:37:Chief is successfully connected with broker@localhost
[INFO]-2022-12-01 14:56:19-chief_mqtt_main.py:37:Chief is successfully connected with broker@localhost
[INFO]-2022-12-01 14:56:21-chief_mqtt_main.py:37:Chief is successfully connected with broker@localhost
[INFO]-2022-12-01 14:56:23-chief_mqtt_main.py:37:Chief is successfully connected with broker@localhost
[INFO]-2022-12-01 14:56:25-chief_mqtt_main.py:37:Chief is successfully connected with broker@localhost
[INFO]-2022-12-01 14:56:27-chief_mqtt_main.py:37:Chief is successfully connected with broker@localhost
[INFO]-2022-12-01 14:56:29-chief_mqtt_main.py:37:Chief is successfully connected with broker@localhost
[INFO]-2022-12-01 14:56:31-chief_mqtt_main.py:37:Chief is successfully connected with broker@localhost
[INFO]-2022-12-01 14:56:33-chief_mqtt_main.py:37:Chief is successfully connected with broker@localhost
[INFO]-2022-12-01 14:56:35-chief_mqtt_main.py:37:Chief is successfully connected with broker@localhost
[INFO]-2022-12-01 14:56:37-chief_mqtt_main.py:37:Chief is successfully connected with broker@localhost
[INFO]-2022-12-01 14:56:39-chief_mqtt_main.py:37:Chief is successfully connected with broker@localhost
[INFO]-2022-12-01 14:56:41-chief_mqtt_main.py:37:Chief is successfully connected with broker@localhost
[INFO]-2022-12-01 14:56:43-chief_mqtt_main.py:37:Chief is successfully connected with broker@localhost
[INFO]-2022-12-01 14:56:45-chief_mqtt_main.py:37:Chief is successfully connected with broker@localhost
[INFO]-2022-12-01 14:56:47-chief_mqtt_main.py:37:Chief is successfully connected with broker@localhost
[INFO]-2022-12-01 14:56:49-chief_mqtt_main.py:37:Chief is successfully connected with broker@localhost
[INFO]-2022-12-01 14:56:51-chief_mqtt_main.py:37:Chief is successfully connected with broker@localhost
[INFO]-2022-12-01 14:56:53-chief_mqtt_main.py:37:Chief is successfully connected with broker@localhost
[INFO]-2022-12-01 14:56:55-chief_mqtt_main.py:37:Chief is successfully connected with broker@localhost
[INFO]-2022-12-01 14:56:57-chief_mqtt_main.py:37:Chief is successfully connected with broker@localhost
[INFO]-2022-12-01 14:56:59-chief_mqtt_main.py:37:Chief is successfully connected with broker@localhost
[INFO]-2022-12-01 14:57:01-chief_mqtt_main.py:37:Chief is successfully connected with broker@localhost
[INFO]-2022-12-01 14:57:03-chief_mqtt_main.py:37:Chief is successfully connected with broker@localhost
[INFO]-2022-12-01 14:57:05-chief_mqtt_main.py:37:Chief is successfully connected with broker@localhost
[INFO]-2022-12-01 14:57:07-chief_mqtt_main.py:37:Chief is successfully connected with broker@localhost
[INFO]-2022-12-01 14:57:09-chief_mqtt_main.py:37:Chief is successfully connected with broker@localhost
[INFO]-2022-12-01 14:57:11-chief_mqtt_main.py:37:Chief is successfully connected with broker@localhost
[INFO]-2022-12-01 14:57:13-chief_mqtt_main.py:37:Chief is successfully connected with broker@localhost
[INFO]-2022-12-01 14:57:15-chief_mqtt_main.py:37:Chief is successfully connected with broker@localhost
[INFO]-2022-12-01 14:57:17-chief_mqtt_main.py:37:Chief is successfully connected with broker@localhost
[INFO]-2022-12-01 14:57:19-chief_mqtt_main.py:37:Chief is successfully connected with broker@localhost
[INFO]-2022-12-01 14:57:21-chief_mqtt_main.py:37:Chief is successfully connected with broker@localhost
[INFO]-2022-12-01 14:57:23-chief_mqtt_main.py:37:Chief is successfully connected with broker@localhost
[INFO]-2022-12-01 14:57:25-chief_mqtt_main.py:37:Chief is successfully connected with broker@localhost
[INFO]-2022-12-01 14:57:27-chief_mqtt_main.py:37:Chief is successfully connected with broker@localhost
[INFO]-2022-12-01 14:57:29-chief_mqtt_main.py:37:Chief is successfully connected with broker@localhost
[INFO]-2022-12-01 14:57:31-chief_mqtt_main.py:37:Chief is successfully connected with broker@localhost
[INFO]-2022-12-01 14:57:33-chief_mqtt_main.py:37:Chief is successfully connected with broker@localhost
[INFO]-2022-12-01 14:57:35-chief_mqtt_main.py:37:Chief is successfully connected with broker@localhost
[INFO]-2022-12-01 14:57:37-chief_mqtt_main.py:37:Chief is successfully connected with broker@localhost
[INFO]-2022-12-01 14:57:39-chief_mqtt_main.py:37:Chief is successfully connected with broker@localhost
[INFO]-2022-12-01 14:57:41-chief_mqtt_main.py:37:Chief is successfully connected with broker@localhost
[INFO]-2022-12-01 14:57:43-chief_mqtt_main.py:37:Chief is successfully connected with broker@localhost
[INFO]-2022-12-01 14:57:45-chief_mqtt_main.py:37:Chief is successfully connected with broker@localhost
[INFO]-2022-12-01 14:57:47-chief_mqtt_main.py:37:Chief is successfully connected with broker@localhost
[INFO]-2022-12-01 14:57:49-chief_mqtt_main.py:37:Chief is successfully connected with broker@localhost
[INFO]-2022-12-01 14:57:51-chief_mqtt_main.py:37:Chief is successfully connected with broker@localhost
[INFO]-2022-12-01 14:57:53-chief_mqtt_main.py:37:Chief is successfully connected with broker@localhost
[INFO]-2022-12-01 14:57:55-chief_mqtt_main.py:37:Chief is successfully connected with broker@localhost
[INFO]-2022-12-01 14:57:57-chief_mqtt_main.py:37:Chief is successfully connected with broker@localhost
[INFO]-2022-12-01 14:57:59-chief_mqtt_main.py:37:Chief is successfully connected with broker@localhost
[INFO]-2022-12-01 14:58:01-chief_mqtt_main.py:37:Chief is successfully connected with broker@localhost
[INFO]-2022-12-01 14:58:03-chief_mqtt_main.py:37:Chief is successfully connected with broker@localhost
[INFO]-2022-12-01 14:58:05-chief_mqtt_main.py:37:Chief is successfully connected with broker@localhost
[INFO]-2022-12-01 14:58:07-chief_mqtt_main.py:37:Chief is successfully connected with broker@localhost
[INFO]-2022-12-01 14:58:09-chief_mqtt_main.py:37:Chief is successfully connected with broker@localhost
[INFO]-2022-12-01 14:58:11-chief_mqtt_main.py:37:Chief is successfully connected with broker@localhost
[INFO]-2022-12-01 14:58:13-chief_mqtt_main.py:37:Chief is successfully connected with broker@localhost
[INFO]-2022-12-01 14:58:15-chief_mqtt_main.py:37:Chief is successfully connected with broker@localhost
[INFO]-2022-12-01 14:58:17-chief_mqtt_main.py:37:Chief is successfully connected with broker@localhost
[INFO]-2022-12-01 14:58:19-chief_mqtt_main.py:37:Chief is successfully connected with broker@localhost
[INFO]-2022-12-01 14:58:21-chief_mqtt_main.py:37:Chief is successfully connected with broker@localhost
[INFO]-2022-12-01 14:58:23-chief_mqtt_main.py:37:Chief is successfully connected with broker@localhost
[INFO]-2022-12-01 14:58:25-chief_mqtt_main.py:37:Chief is successfully connected with broker@localhost
[INFO]-2022-12-01 14:58:27-chief_mqtt_main.py:37:Chief is successfully connected with broker@localhost
[INFO]-2022-12-01 14:58:29-chief_mqtt_main.py:37:Chief is successfully connected with broker@localhost
[INFO]-2022-12-01 14:58:31-chief_mqtt_main.py:37:Chief is successfully connected with broker@localhost
[INFO]-2022-12-01 14:58:33-chief_mqtt_main.py:37:Chief is successfully connected with broker@localhost
[INFO]-2022-12-01 14:58:35-chief_mqtt_main.py:37:Chief is successfully connected with broker@localhost
[INFO]-2022-12-01 14:58:37-chief_mqtt_main.py:37:Chief is successfully connected with broker@localhost
[INFO]-2022-12-01 14:58:39-chief_mqtt_main.py:37:Chief is successfully connected with broker@localhost
[INFO]-2022-12-01 14:58:42-chief_mqtt_main.py:37:Chief is successfully connected with broker@localhost
[INFO]-2022-12-01 14:58:44-chief_mqtt_main.py:37:Chief is successfully connected with broker@localhost
[INFO]-2022-12-01 14:58:46-chief_mqtt_main.py:37:Chief is successfully connected with broker@localhost
[INFO]-2022-12-01 14:58:48-chief_mqtt_main.py:37:Chief is successfully connected with broker@localhost
[INFO]-2022-12-01 14:58:50-chief_mqtt_main.py:37:Chief is successfully connected with broker@localhost
[INFO]-2022-12-01 14:58:52-chief_mqtt_main.py:37:Chief is successfully connected with broker@localhost
[INFO]-2022-12-01 14:58:54-chief_mqtt_main.py:37:Chief is successfully connected with broker@localhost
[INFO]-2022-12-01 14:58:56-chief_mqtt_main.py:37:Chief is successfully connected with broker@localhost
[INFO]-2022-12-01 14:58:58-chief_mqtt_main.py:37:Chief is successfully connected with broker@localhost
[INFO]-2022-12-01 14:59:00-chief_mqtt_main.py:37:Chief is successfully connected with broker@localhost
[INFO]-2022-12-01 14:59:02-chief_mqtt_main.py:37:Chief is successfully connected with broker@localhost
[INFO]-2022-12-01 14:59:04-chief_mqtt_main.py:37:Chief is successfully connected with broker@localhost
[INFO]-2022-12-01 14:59:06-chief_mqtt_main.py:37:Chief is successfully connected with broker@localhost
[INFO]-2022-12-01 14:59:08-chief_mqtt_main.py:37:Chief is successfully connected with broker@localhost
[INFO]-2022-12-01 14:59:10-chief_mqtt_main.py:37:Chief is successfully connected with broker@localhost
[INFO]-2022-12-01 14:59:12-chief_mqtt_main.py:37:Chief is successfully connected with broker@localhost
[INFO]-2022-12-01 14:59:14-chief_mqtt_main.py:37:Chief is successfully connected with broker@localhost
[INFO]-2022-12-01 14:59:16-chief_mqtt_main.py:37:Chief is successfully connected with broker@localhost
[INFO]-2022-12-01 14:59:18-chief_mqtt_main.py:37:Chief is successfully connected with broker@localhost
[INFO]-2022-12-01 14:59:20-chief_mqtt_main.py:37:Chief is successfully connected with broker@localhost
[INFO]-2022-12-01 14:59:22-chief_mqtt_main.py:37:Chief is successfully connected with broker@localhost
[INFO]-2022-12-01 14:59:24-chief_mqtt_main.py:37:Chief is successfully connected with broker@localhost
[INFO]-2022-12-01 14:59:26-chief_mqtt_main.py:37:Chief is successfully connected with broker@localhost
[INFO]-2022-12-01 14:59:28-chief_mqtt_main.py:37:Chief is successfully connected with broker@localhost
[INFO]-2022-12-01 14:59:30-chief_mqtt_main.py:37:Chief is successfully connected with broker@localhost
[INFO]-2022-12-01 14:59:32-chief_mqtt_main.py:37:Chief is successfully connected with broker@localhost
[INFO]-2022-12-01 14:59:34-chief_mqtt_main.py:37:Chief is successfully connected with broker@localhost
[INFO]-2022-12-01 14:59:36-chief_mqtt_main.py:37:Chief is successfully connected with broker@localhost
[INFO]-2022-12-01 14:59:38-chief_mqtt_main.py:37:Chief is successfully connected with broker@localhost
[INFO]-2022-12-01 14:59:40-chief_mqtt_main.py:37:Chief is successfully connected with broker@localhost
[INFO]-2022-12-01 14:59:42-chief_mqtt_main.py:37:Chief is successfully connected with broker@localhost
[INFO]-2022-12-01 14:59:44-chief_mqtt_main.py:37:Chief is successfully connected with broker@localhost
[INFO]-2022-12-01 14:59:46-chief_mqtt_main.py:37:Chief is successfully connected with broker@localhost
[INFO]-2022-12-01 14:59:48-chief_mqtt_main.py:37:Chief is successfully connected with broker@localhost
[INFO]-2022-12-01 14:59:50-chief_mqtt_main.py:37:Chief is successfully connected with broker@localhost
[INFO]-2022-12-01 14:59:52-chief_mqtt_main.py:37:Chief is successfully connected with broker@localhost
[INFO]-2022-12-01 14:59:54-chief_mqtt_main.py:37:Chief is successfully connected with broker@localhost
[INFO]-2022-12-01 14:59:56-chief_mqtt_main.py:37:Chief is successfully connected with broker@localhost
[INFO]-2022-12-01 14:59:58-chief_mqtt_main.py:37:Chief is successfully connected with broker@localhost
[INFO]-2022-12-01 15:00:00-chief_mqtt_main.py:37:Chief is successfully connected with broker@localhost
[INFO]-2022-12-01 15:00:02-chief_mqtt_main.py:37:Chief is successfully connected with broker@localhost
[INFO]-2022-12-01 15:00:04-chief_mqtt_main.py:37:Chief is successfully connected with broker@localhost
[INFO]-2022-12-01 15:00:06-chief_mqtt_main.py:37:Chief is successfully connected with broker@localhost
[INFO]-2022-12-01 15:00:08-chief_mqtt_main.py:37:Chief is successfully connected with broker@localhost
[INFO]-2022-12-01 15:00:10-chief_mqtt_main.py:37:Chief is successfully connected with broker@localhost
[INFO]-2022-12-01 15:00:12-chief_mqtt_main.py:37:Chief is successfully connected with broker@localhost
[INFO]-2022-12-01 15:00:14-chief_mqtt_main.py:37:Chief is successfully connected with broker@localhost
[INFO]-2022-12-01 15:00:16-chief_mqtt_main.py:37:Chief is successfully connected with broker@localhost
[INFO]-2022-12-01 15:00:18-chief_mqtt_main.py:37:Chief is successfully connected with broker@localhost
[INFO]-2022-12-01 15:00:20-chief_mqtt_main.py:37:Chief is successfully connected with broker@localhost
[INFO]-2022-12-01 15:00:22-chief_mqtt_main.py:37:Chief is successfully connected with broker@localhost
[INFO]-2022-12-01 15:00:24-chief_mqtt_main.py:37:Chief is successfully connected with broker@localhost
[INFO]-2022-12-01 15:00:26-chief_mqtt_main.py:37:Chief is successfully connected with broker@localhost
[INFO]-2022-12-01 15:00:28-chief_mqtt_main.py:37:Chief is successfully connected with broker@localhost
[INFO]-2022-12-01 15:00:30-chief_mqtt_main.py:37:Chief is successfully connected with broker@localhost
[INFO]-2022-12-01 15:00:32-chief_mqtt_main.py:37:Chief is successfully connected with broker@localhost
[INFO]-2022-12-01 15:00:34-chief_mqtt_main.py:37:Chief is successfully connected with broker@localhost
[INFO]-2022-12-01 15:00:36-chief_mqtt_main.py:37:Chief is successfully connected with broker@localhost
[INFO]-2022-12-01 15:00:38-chief_mqtt_main.py:37:Chief is successfully connected with broker@localhost
[INFO]-2022-12-01 15:00:40-chief_mqtt_main.py:37:Chief is successfully connected with broker@localhost
[INFO]-2022-12-01 15:00:42-chief_mqtt_main.py:37:Chief is successfully connected with broker@localhost
[INFO]-2022-12-01 15:00:44-chief_mqtt_main.py:37:Chief is successfully connected with broker@localhost
[INFO]-2022-12-01 15:00:46-chief_mqtt_main.py:37:Chief is successfully connected with broker@localhost
[INFO]-2022-12-01 15:00:48-chief_mqtt_main.py:37:Chief is successfully connected with broker@localhost
[INFO]-2022-12-01 15:00:50-chief_mqtt_main.py:37:Chief is successfully connected with broker@localhost
[INFO]-2022-12-01 15:00:52-chief_mqtt_main.py:37:Chief is successfully connected with broker@localhost
[INFO]-2022-12-01 15:00:54-chief_mqtt_main.py:37:Chief is successfully connected with broker@localhost
[INFO]-2022-12-01 15:00:56-chief_mqtt_main.py:37:Chief is successfully connected with broker@localhost
[INFO]-2022-12-01 15:00:58-chief_mqtt_main.py:37:Chief is successfully connected with broker@localhost
[INFO]-2022-12-01 15:01:00-chief_mqtt_main.py:37:Chief is successfully connected with broker@localhost
[INFO]-2022-12-01 15:01:02-chief_mqtt_main.py:37:Chief is successfully connected with broker@localhost
[INFO]-2022-12-01 15:01:04-chief_mqtt_main.py:37:Chief is successfully connected with broker@localhost
[INFO]-2022-12-01 15:01:06-chief_mqtt_main.py:37:Chief is successfully connected with broker@localhost
[INFO]-2022-12-01 15:01:08-chief_mqtt_main.py:37:Chief is successfully connected with broker@localhost
[INFO]-2022-12-01 15:01:10-chief_mqtt_main.py:37:Chief is successfully connected with broker@localhost
[INFO]-2022-12-01 15:01:12-chief_mqtt_main.py:37:Chief is successfully connected with broker@localhost
[INFO]-2022-12-01 15:01:14-chief_mqtt_main.py:37:Chief is successfully connected with broker@localhost
[INFO]-2022-12-01 15:01:16-chief_mqtt_main.py:37:Chief is successfully connected with broker@localhost
[INFO]-2022-12-01 15:01:18-chief_mqtt_main.py:37:Chief is successfully connected with broker@localhost
[INFO]-2022-12-01 15:01:20-chief_mqtt_main.py:37:Chief is successfully connected with broker@localhost
[INFO]-2022-12-01 15:01:22-chief_mqtt_main.py:37:Chief is successfully connected with broker@localhost
[INFO]-2022-12-01 15:01:24-chief_mqtt_main.py:37:Chief is successfully connected with broker@localhost
[INFO]-2022-12-01 15:01:26-chief_mqtt_main.py:37:Chief is successfully connected with broker@localhost
