[INFO]-2022-12-01 08:59:18-worker_mqtt_main.py:35:Worker 1 is successfully connected with broker@localhost
[INFO]-2022-12-01 08:59:19-worker.py:168:Worker 1-Ep. 0: Loss=-0.2539 (EMA: -0.2539, Mean: -0.2539), Score=36.3333 (EMA: 36.3333, Mean: 36.3333)
[INFO]-2022-12-01 08:59:19-worker.py:67:[SEND] TOPIC: Episode_Detail, PAYLOAD: 'episode': 0, 'worker_id': 1 'loss': -0.2539293602108955, 'score': 36.333333333333336 'gradients_length': 4
[INFO]-2022-12-01 08:59:20-worker_mqtt_main.py:58:[RECV] TOPIC: Update_Ack, PAYLOAD: 'episode_chief': 0, avg_grad_length: 4 

[INFO]-2022-12-01 08:59:21-worker.py:168:Worker 1-Ep. 1: Loss=-0.0151 (EMA: -0.1345, Mean: -0.1345), Score=60.2500 (EMA: 48.2917, Mean: 48.2917)
[INFO]-2022-12-01 08:59:21-worker.py:67:[SEND] TOPIC: Episode_Detail, PAYLOAD: 'episode': 1, 'worker_id': 1 'loss': -0.015149727463722229, 'score': 60.25 'gradients_length': 4
[INFO]-2022-12-01 08:59:22-worker_mqtt_main.py:58:[RECV] TOPIC: Update_Ack, PAYLOAD: 'episode_chief': 1, avg_grad_length: 4 

[INFO]-2022-12-01 08:59:23-worker.py:168:Worker 1-Ep. 2: Loss=0.6900 (EMA: 0.1403, Mean: 0.1403), Score=200.0000 (EMA: 98.8611, Mean: 98.8611)
[INFO]-2022-12-01 08:59:23-worker.py:67:[SEND] TOPIC: Episode_Detail, PAYLOAD: 'episode': 2, 'worker_id': 1 'loss': 0.6899921655654907, 'score': 200.0 'gradients_length': 4
[INFO]-2022-12-01 08:59:24-worker_mqtt_main.py:58:[RECV] TOPIC: Update_Ack, PAYLOAD: 'episode_chief': 2, avg_grad_length: 4 

[INFO]-2022-12-01 08:59:25-worker.py:168:Worker 1-Ep. 3: Loss=-0.2599 (EMA: 0.0403, Mean: 0.0403), Score=115.3333 (EMA: 102.9792, Mean: 102.9792)
[INFO]-2022-12-01 08:59:25-worker.py:67:[SEND] TOPIC: Episode_Detail, PAYLOAD: 'episode': 3, 'worker_id': 1 'loss': -0.25988280177116396, 'score': 115.33333333333333 'gradients_length': 4
[INFO]-2022-12-01 08:59:26-worker_mqtt_main.py:58:[RECV] TOPIC: Update_Ack, PAYLOAD: 'episode_chief': 3, avg_grad_length: 4 

[INFO]-2022-12-01 08:59:26-worker.py:168:Worker 1-Ep. 4: Loss=0.6500 (EMA: 0.1622, Mean: 0.1622), Score=104.0000 (EMA: 103.1833, Mean: 103.1833)
[INFO]-2022-12-01 08:59:26-worker.py:67:[SEND] TOPIC: Episode_Detail, PAYLOAD: 'episode': 4, 'worker_id': 1 'loss': 0.650021430850029, 'score': 104.0 'gradients_length': 4
[INFO]-2022-12-01 08:59:27-worker_mqtt_main.py:58:[RECV] TOPIC: Update_Ack, PAYLOAD: 'episode_chief': 4, avg_grad_length: 4 

[INFO]-2022-12-01 08:59:28-worker.py:168:Worker 1-Ep. 5: Loss=0.7424 (EMA: 0.2589, Mean: 0.2589), Score=117.5000 (EMA: 105.5694, Mean: 105.5694)
[INFO]-2022-12-01 08:59:28-worker.py:67:[SEND] TOPIC: Episode_Detail, PAYLOAD: 'episode': 5, 'worker_id': 1 'loss': 0.7424223303794861, 'score': 117.5 'gradients_length': 4
[INFO]-2022-12-01 08:59:29-worker_mqtt_main.py:58:[RECV] TOPIC: Update_Ack, PAYLOAD: 'episode_chief': 5, avg_grad_length: 4 

[INFO]-2022-12-01 08:59:29-worker.py:168:Worker 1-Ep. 6: Loss=0.9501 (EMA: 0.3577, Mean: 0.3577), Score=200.0000 (EMA: 119.0595, Mean: 119.0595)
[INFO]-2022-12-01 08:59:29-worker.py:67:[SEND] TOPIC: Episode_Detail, PAYLOAD: 'episode': 6, 'worker_id': 1 'loss': 0.9501479536294937, 'score': 200.0 'gradients_length': 4
[INFO]-2022-12-01 08:59:30-worker_mqtt_main.py:58:[RECV] TOPIC: Update_Ack, PAYLOAD: 'episode_chief': 6, avg_grad_length: 4 

[INFO]-2022-12-01 08:59:31-worker.py:168:Worker 1-Ep. 7: Loss=0.2871 (EMA: 0.3488, Mean: 0.3488), Score=108.0000 (EMA: 117.6771, Mean: 117.6771)
[INFO]-2022-12-01 08:59:31-worker.py:67:[SEND] TOPIC: Episode_Detail, PAYLOAD: 'episode': 7, 'worker_id': 1 'loss': 0.28713498711586, 'score': 108.0 'gradients_length': 4
[INFO]-2022-12-01 08:59:32-worker_mqtt_main.py:58:[RECV] TOPIC: Update_Ack, PAYLOAD: 'episode_chief': 7, avg_grad_length: 4 

[INFO]-2022-12-01 08:59:32-worker.py:168:Worker 1-Ep. 8: Loss=-0.1669 (EMA: 0.2915, Mean: 0.2915), Score=59.2500 (EMA: 111.1852, Mean: 111.1852)
[INFO]-2022-12-01 08:59:32-worker.py:67:[SEND] TOPIC: Episode_Detail, PAYLOAD: 'episode': 8, 'worker_id': 1 'loss': -0.16691391319036483, 'score': 59.25 'gradients_length': 4
[INFO]-2022-12-01 08:59:33-worker_mqtt_main.py:58:[RECV] TOPIC: Update_Ack, PAYLOAD: 'episode_chief': 8, avg_grad_length: 4 

[INFO]-2022-12-01 08:59:34-worker.py:168:Worker 1-Ep. 9: Loss=0.9270 (EMA: 0.3551, Mean: 0.3551), Score=109.0000 (EMA: 110.9667, Mean: 110.9667)
[INFO]-2022-12-01 08:59:34-worker.py:67:[SEND] TOPIC: Episode_Detail, PAYLOAD: 'episode': 9, 'worker_id': 1 'loss': 0.9269986527040601, 'score': 109.0 'gradients_length': 4
[INFO]-2022-12-01 08:59:35-worker_mqtt_main.py:58:[RECV] TOPIC: Update_Ack, PAYLOAD: 'episode_chief': 9, avg_grad_length: 4 

[INFO]-2022-12-01 08:59:35-worker.py:168:Worker 1-Ep.10: Loss=0.1783 (EMA: 0.3760, Mean: 0.3390), Score=103.0000 (EMA: 119.3864, Mean: 110.2424)
[INFO]-2022-12-01 08:59:35-worker.py:67:[SEND] TOPIC: Episode_Detail, PAYLOAD: 'episode': 10, 'worker_id': 1 'loss': 0.1783362627029419, 'score': 103.0 'gradients_length': 4
[INFO]-2022-12-01 08:59:36-worker_mqtt_main.py:58:[RECV] TOPIC: Update_Ack, PAYLOAD: 'episode_chief': 10, avg_grad_length: 4 

[INFO]-2022-12-01 08:59:37-worker.py:168:Worker 1-Ep.11: Loss=-0.1630 (EMA: 0.4135, Mean: 0.2972), Score=80.3333 (EMA: 127.4943, Mean: 107.7500)
[INFO]-2022-12-01 08:59:37-worker.py:67:[SEND] TOPIC: Episode_Detail, PAYLOAD: 'episode': 11, 'worker_id': 1 'loss': -0.16297797560691835, 'score': 80.33333333333333 'gradients_length': 4
[INFO]-2022-12-01 08:59:38-worker_mqtt_main.py:58:[RECV] TOPIC: Update_Ack, PAYLOAD: 'episode_chief': 11, avg_grad_length: 4 

[INFO]-2022-12-01 08:59:38-worker.py:168:Worker 1-Ep.12: Loss=0.5836 (EMA: 0.3748, Mean: 0.3192), Score=117.5000 (EMA: 114.2156, Mean: 108.5000)
[INFO]-2022-12-01 08:59:38-worker.py:67:[SEND] TOPIC: Episode_Detail, PAYLOAD: 'episode': 12, 'worker_id': 1 'loss': 0.5836122244596481, 'score': 117.5 'gradients_length': 4
[INFO]-2022-12-01 08:59:39-worker_mqtt_main.py:58:[RECV] TOPIC: Update_Ack, PAYLOAD: 'episode_chief': 12, avg_grad_length: 4 

[INFO]-2022-12-01 08:59:39-worker.py:168:Worker 1-Ep.13: Loss=-0.2409 (EMA: 0.4505, Mean: 0.2792), Score=50.5000 (EMA: 110.3452, Mean: 104.3571)
[INFO]-2022-12-01 08:59:39-worker.py:67:[SEND] TOPIC: Episode_Detail, PAYLOAD: 'episode': 13, 'worker_id': 1 'loss': -0.24087827056646346, 'score': 50.5 'gradients_length': 4
[INFO]-2022-12-01 08:59:41-worker_mqtt_main.py:58:[RECV] TOPIC: Update_Ack, PAYLOAD: 'episode_chief': 13, avg_grad_length: 4 

[INFO]-2022-12-01 08:59:41-worker.py:168:Worker 1-Ep.14: Loss=0.1271 (EMA: 0.3969, Mean: 0.2691), Score=40.0000 (EMA: 107.3999, Mean: 100.0667)
[INFO]-2022-12-01 08:59:41-worker.py:67:[SEND] TOPIC: Episode_Detail, PAYLOAD: 'episode': 14, 'worker_id': 1 'loss': 0.12705612778663636, 'score': 40.0 'gradients_length': 4
[INFO]-2022-12-01 08:59:42-worker_mqtt_main.py:58:[RECV] TOPIC: Update_Ack, PAYLOAD: 'episode_chief': 14, avg_grad_length: 4 

[INFO]-2022-12-01 08:59:42-worker.py:168:Worker 1-Ep.15: Loss=0.4363 (EMA: 0.3386, Mean: 0.2795), Score=55.2500 (EMA: 102.6229, Mean: 97.2656)
[INFO]-2022-12-01 08:59:42-worker.py:67:[SEND] TOPIC: Episode_Detail, PAYLOAD: 'episode': 15, 'worker_id': 1 'loss': 0.43629772663116456, 'score': 55.25 'gradients_length': 4
[INFO]-2022-12-01 08:59:43-worker_mqtt_main.py:58:[RECV] TOPIC: Update_Ack, PAYLOAD: 'episode_chief': 15, avg_grad_length: 4 

[INFO]-2022-12-01 08:59:44-worker.py:168:Worker 1-Ep.16: Loss=-0.7297 (EMA: 0.1699, Mean: 0.2202), Score=59.0000 (EMA: 83.0475, Mean: 95.0147)
[INFO]-2022-12-01 08:59:44-worker.py:67:[SEND] TOPIC: Episode_Detail, PAYLOAD: 'episode': 16, 'worker_id': 1 'loss': -0.7297331362962722, 'score': 59.0 'gradients_length': 4
[INFO]-2022-12-01 08:59:45-worker_mqtt_main.py:58:[RECV] TOPIC: Update_Ack, PAYLOAD: 'episode_chief': 16, avg_grad_length: 4 

[INFO]-2022-12-01 08:59:45-worker.py:168:Worker 1-Ep.17: Loss=-0.3613 (EMA: 0.1187, Mean: 0.1878), Score=56.5000 (EMA: 77.1451, Mean: 92.8750)
[INFO]-2022-12-01 08:59:45-worker.py:67:[SEND] TOPIC: Episode_Detail, PAYLOAD: 'episode': 17, 'worker_id': 1 'loss': -0.3612750947475433, 'score': 56.5 'gradients_length': 4
[INFO]-2022-12-01 08:59:46-worker_mqtt_main.py:58:[RECV] TOPIC: Update_Ack, PAYLOAD: 'episode_chief': 17, avg_grad_length: 4 

[INFO]-2022-12-01 08:59:47-worker.py:168:Worker 1-Ep.18: Loss=0.5564 (EMA: 0.1940, Mean: 0.2072), Score=63.5000 (EMA: 79.4932, Mean: 91.3289)
[INFO]-2022-12-01 08:59:47-worker.py:67:[SEND] TOPIC: Episode_Detail, PAYLOAD: 'episode': 18, 'worker_id': 1 'loss': 0.5563938420265913, 'score': 63.5 'gradients_length': 4
[INFO]-2022-12-01 08:59:48-worker_mqtt_main.py:58:[RECV] TOPIC: Update_Ack, PAYLOAD: 'episode_chief': 18, avg_grad_length: 4 

[INFO]-2022-12-01 08:59:49-worker.py:168:Worker 1-Ep.19: Loss=1.1155 (EMA: 0.1187, Mean: 0.2527), Score=134.0000 (EMA: 77.4673, Mean: 93.4625)
[INFO]-2022-12-01 08:59:49-worker.py:67:[SEND] TOPIC: Episode_Detail, PAYLOAD: 'episode': 19, 'worker_id': 1 'loss': 1.1154783755540847, 'score': 134.0 'gradients_length': 4
[INFO]-2022-12-01 08:59:50-worker_mqtt_main.py:58:[RECV] TOPIC: Update_Ack, PAYLOAD: 'episode_chief': 19, avg_grad_length: 4 

[INFO]-2022-12-01 08:59:50-worker.py:168:Worker 1-Ep.20: Loss=-0.6050 (EMA: 0.0666, Mean: 0.2118), Score=132.5000 (EMA: 76.1681, Mean: 95.3214)
[INFO]-2022-12-01 08:59:50-worker.py:67:[SEND] TOPIC: Episode_Detail, PAYLOAD: 'episode': 20, 'worker_id': 1 'loss': -0.604982390999794, 'score': 132.5 'gradients_length': 4
[INFO]-2022-12-01 08:59:51-worker_mqtt_main.py:58:[RECV] TOPIC: Update_Ack, PAYLOAD: 'episode_chief': 20, avg_grad_length: 4 

[INFO]-2022-12-01 08:59:52-worker.py:168:Worker 1-Ep.21: Loss=0.5405 (EMA: 0.1341, Mean: 0.2268), Score=108.0000 (EMA: 77.2742, Mean: 95.8977)
[INFO]-2022-12-01 08:59:52-worker.py:67:[SEND] TOPIC: Episode_Detail, PAYLOAD: 'episode': 21, 'worker_id': 1 'loss': 0.5405194729566574, 'score': 108.0 'gradients_length': 4
[INFO]-2022-12-01 08:59:53-worker_mqtt_main.py:58:[RECV] TOPIC: Update_Ack, PAYLOAD: 'episode_chief': 21, avg_grad_length: 4 

[INFO]-2022-12-01 08:59:53-worker.py:168:Worker 1-Ep.22: Loss=0.6121 (EMA: 0.0829, Mean: 0.2435), Score=111.5000 (EMA: 72.2008, Mean: 96.5761)
[INFO]-2022-12-01 08:59:53-worker.py:67:[SEND] TOPIC: Episode_Detail, PAYLOAD: 'episode': 22, 'worker_id': 1 'loss': 0.6120938837528229, 'score': 111.5 'gradients_length': 4
[INFO]-2022-12-01 08:59:54-worker_mqtt_main.py:58:[RECV] TOPIC: Update_Ack, PAYLOAD: 'episode_chief': 22, avg_grad_length: 4 

[INFO]-2022-12-01 08:59:55-worker.py:168:Worker 1-Ep.23: Loss=-0.4479 (EMA: 0.1091, Mean: 0.2147), Score=115.5000 (EMA: 78.4997, Mean: 97.3646)
[INFO]-2022-12-01 08:59:55-worker.py:67:[SEND] TOPIC: Episode_Detail, PAYLOAD: 'episode': 23, 'worker_id': 1 'loss': -0.4478943645954132, 'score': 115.5 'gradients_length': 4
[INFO]-2022-12-01 08:59:56-worker_mqtt_main.py:58:[RECV] TOPIC: Update_Ack, PAYLOAD: 'episode_chief': 23, avg_grad_length: 4 

[INFO]-2022-12-01 08:59:56-worker.py:168:Worker 1-Ep.24: Loss=0.9580 (EMA: 0.1549, Mean: 0.2444), Score=103.3333 (EMA: 86.6767, Mean: 97.6033)
[INFO]-2022-12-01 08:59:56-worker.py:67:[SEND] TOPIC: Episode_Detail, PAYLOAD: 'episode': 24, 'worker_id': 1 'loss': 0.9580217063426971, 'score': 103.33333333333333 'gradients_length': 4
[INFO]-2022-12-01 08:59:57-worker_mqtt_main.py:58:[RECV] TOPIC: Update_Ack, PAYLOAD: 'episode_chief': 24, avg_grad_length: 4 

[INFO]-2022-12-01 08:59:58-worker.py:168:Worker 1-Ep.25: Loss=1.0561 (EMA: 0.1575, Mean: 0.2757), Score=91.0000 (EMA: 92.4317, Mean: 97.3494)
[INFO]-2022-12-01 08:59:58-worker.py:67:[SEND] TOPIC: Episode_Detail, PAYLOAD: 'episode': 25, 'worker_id': 1 'loss': 1.0560746118426323, 'score': 91.0 'gradients_length': 4
[INFO]-2022-12-01 08:59:59-worker_mqtt_main.py:58:[RECV] TOPIC: Update_Ack, PAYLOAD: 'episode_chief': 25, avg_grad_length: 4 

[INFO]-2022-12-01 08:59:59-worker.py:168:Worker 1-Ep.26: Loss=0.4485 (EMA: 0.3297, Mean: 0.2821), Score=132.0000 (EMA: 100.5706, Mean: 98.6327)
[INFO]-2022-12-01 08:59:59-worker.py:67:[SEND] TOPIC: Episode_Detail, PAYLOAD: 'episode': 26, 'worker_id': 1 'loss': 0.44851293712854384, 'score': 132.0 'gradients_length': 4
[INFO]-2022-12-01 09:00:00-worker_mqtt_main.py:58:[RECV] TOPIC: Update_Ack, PAYLOAD: 'episode_chief': 26, avg_grad_length: 4 

[INFO]-2022-12-01 09:00:00-worker.py:168:Worker 1-Ep.27: Loss=-0.0529 (EMA: 0.4287, Mean: 0.2701), Score=92.0000 (EMA: 107.7971, Mean: 98.3958)
[INFO]-2022-12-01 09:00:00-worker.py:67:[SEND] TOPIC: Episode_Detail, PAYLOAD: 'episode': 27, 'worker_id': 1 'loss': -0.052863939106464385, 'score': 92.0 'gradients_length': 4
[INFO]-2022-12-01 09:00:02-worker_mqtt_main.py:58:[RECV] TOPIC: Update_Ack, PAYLOAD: 'episode_chief': 27, avg_grad_length: 4 

[INFO]-2022-12-01 09:00:02-worker.py:168:Worker 1-Ep.28: Loss=0.0354 (EMA: 0.3837, Mean: 0.2620), Score=88.5000 (EMA: 114.4446, Mean: 98.0546)
[INFO]-2022-12-01 09:00:02-worker.py:67:[SEND] TOPIC: Episode_Detail, PAYLOAD: 'episode': 28, 'worker_id': 1 'loss': 0.0353984322398901, 'score': 88.5 'gradients_length': 4
[INFO]-2022-12-01 09:00:03-worker_mqtt_main.py:58:[RECV] TOPIC: Update_Ack, PAYLOAD: 'episode_chief': 28, avg_grad_length: 4 

[INFO]-2022-12-01 09:00:03-worker.py:168:Worker 1-Ep.29: Loss=0.8549 (EMA: 0.2827, Mean: 0.2818), Score=113.0000 (EMA: 110.9354, Mean: 98.5528)
[INFO]-2022-12-01 09:00:03-worker.py:67:[SEND] TOPIC: Episode_Detail, PAYLOAD: 'episode': 29, 'worker_id': 1 'loss': 0.8549085080623626, 'score': 113.0 'gradients_length': 4
[INFO]-2022-12-01 09:00:04-worker_mqtt_main.py:58:[RECV] TOPIC: Update_Ack, PAYLOAD: 'episode_chief': 29, avg_grad_length: 4 

[INFO]-2022-12-01 09:00:04-worker.py:168:Worker 1-Ep.30: Loss=0.9835 (EMA: 0.4786, Mean: 0.3044), Score=200.0000 (EMA: 112.2940, Mean: 101.8253)
[INFO]-2022-12-01 09:00:04-worker.py:67:[SEND] TOPIC: Episode_Detail, PAYLOAD: 'episode': 30, 'worker_id': 1 'loss': 0.9835298150777817, 'score': 200.0 'gradients_length': 4
[INFO]-2022-12-01 09:00:05-worker_mqtt_main.py:58:[RECV] TOPIC: Update_Ack, PAYLOAD: 'episode_chief': 30, avg_grad_length: 4 

[INFO]-2022-12-01 09:00:06-worker.py:168:Worker 1-Ep.31: Loss=0.4922 (EMA: 0.4685, Mean: 0.3103), Score=52.2500 (EMA: 109.5834, Mean: 100.2760)
[INFO]-2022-12-01 09:00:06-worker.py:67:[SEND] TOPIC: Episode_Detail, PAYLOAD: 'episode': 31, 'worker_id': 1 'loss': 0.4922197461128235, 'score': 52.25 'gradients_length': 4
[INFO]-2022-12-01 09:00:07-worker_mqtt_main.py:58:[RECV] TOPIC: Update_Ack, PAYLOAD: 'episode_chief': 31, avg_grad_length: 4 

[INFO]-2022-12-01 09:00:07-worker.py:168:Worker 1-Ep.32: Loss=0.2829 (EMA: 0.4327, Mean: 0.3094), Score=50.5000 (EMA: 105.8402, Mean: 98.7677)
[INFO]-2022-12-01 09:00:07-worker.py:67:[SEND] TOPIC: Episode_Detail, PAYLOAD: 'episode': 32, 'worker_id': 1 'loss': 0.2829332649707794, 'score': 50.5 'gradients_length': 4
[INFO]-2022-12-01 09:00:08-worker_mqtt_main.py:58:[RECV] TOPIC: Update_Ack, PAYLOAD: 'episode_chief': 32, avg_grad_length: 4 

[INFO]-2022-12-01 09:00:09-worker.py:168:Worker 1-Ep.33: Loss=-0.2657 (EMA: 0.5467, Mean: 0.2925), Score=55.0000 (EMA: 101.2159, Mean: 97.4804)
[INFO]-2022-12-01 09:00:09-worker.py:67:[SEND] TOPIC: Episode_Detail, PAYLOAD: 'episode': 33, 'worker_id': 1 'loss': -0.2656569629907608, 'score': 55.0 'gradients_length': 4
[INFO]-2022-12-01 09:00:10-worker_mqtt_main.py:58:[RECV] TOPIC: Update_Ack, PAYLOAD: 'episode_chief': 33, avg_grad_length: 4 

[INFO]-2022-12-01 09:00:11-worker.py:168:Worker 1-Ep.34: Loss=0.9308 (EMA: 0.4968, Mean: 0.3108), Score=200.0000 (EMA: 106.5419, Mean: 100.4095)
[INFO]-2022-12-01 09:00:11-worker.py:67:[SEND] TOPIC: Episode_Detail, PAYLOAD: 'episode': 34, 'worker_id': 1 'loss': 0.930804654955864, 'score': 200.0 'gradients_length': 4
[INFO]-2022-12-01 09:00:12-worker_mqtt_main.py:58:[RECV] TOPIC: Update_Ack, PAYLOAD: 'episode_chief': 34, avg_grad_length: 4 

[INFO]-2022-12-01 09:00:12-worker.py:168:Worker 1-Ep.35: Loss=-0.1272 (EMA: 0.3628, Mean: 0.2986), Score=50.7500 (EMA: 106.0471, Mean: 99.0301)
[INFO]-2022-12-01 09:00:12-worker.py:67:[SEND] TOPIC: Episode_Detail, PAYLOAD: 'episode': 35, 'worker_id': 1 'loss': -0.12716821134090422, 'score': 50.75 'gradients_length': 4
[INFO]-2022-12-01 09:00:14-worker_mqtt_main.py:58:[RECV] TOPIC: Update_Ack, PAYLOAD: 'episode_chief': 35, avg_grad_length: 4 

[INFO]-2022-12-01 09:00:14-worker.py:168:Worker 1-Ep.36: Loss=1.5077 (EMA: 0.4138, Mean: 0.3313), Score=142.0000 (EMA: 103.5739, Mean: 100.1914)
[INFO]-2022-12-01 09:00:14-worker.py:67:[SEND] TOPIC: Episode_Detail, PAYLOAD: 'episode': 36, 'worker_id': 1 'loss': 1.5077483125030995, 'score': 142.0 'gradients_length': 4
[INFO]-2022-12-01 09:00:15-worker_mqtt_main.py:58:[RECV] TOPIC: Update_Ack, PAYLOAD: 'episode_chief': 36, avg_grad_length: 4 

[INFO]-2022-12-01 09:00:16-worker.py:168:Worker 1-Ep.37: Loss=-0.5624 (EMA: 0.4393, Mean: 0.3078), Score=121.0000 (EMA: 106.6065, Mean: 100.7390)
[INFO]-2022-12-01 09:00:16-worker.py:67:[SEND] TOPIC: Episode_Detail, PAYLOAD: 'episode': 37, 'worker_id': 1 'loss': -0.562351749651134, 'score': 121.0 'gradients_length': 4
[INFO]-2022-12-01 09:00:17-worker_mqtt_main.py:58:[RECV] TOPIC: Update_Ack, PAYLOAD: 'episode_chief': 37, avg_grad_length: 4 

[INFO]-2022-12-01 09:00:17-worker.py:168:Worker 1-Ep.38: Loss=0.3179 (EMA: 0.5030, Mean: 0.3080), Score=122.5000 (EMA: 110.6952, Mean: 101.2970)
[INFO]-2022-12-01 09:00:17-worker.py:67:[SEND] TOPIC: Episode_Detail, PAYLOAD: 'episode': 38, 'worker_id': 1 'loss': 0.3178863761946559, 'score': 122.5 'gradients_length': 4
[INFO]-2022-12-01 09:00:18-worker_mqtt_main.py:58:[RECV] TOPIC: Update_Ack, PAYLOAD: 'episode_chief': 38, avg_grad_length: 4 

[INFO]-2022-12-01 09:00:19-worker.py:168:Worker 1-Ep.39: Loss=0.3998 (EMA: 0.4354, Mean: 0.3103), Score=200.0000 (EMA: 115.4418, Mean: 103.7646)
[INFO]-2022-12-01 09:00:19-worker.py:67:[SEND] TOPIC: Episode_Detail, PAYLOAD: 'episode': 39, 'worker_id': 1 'loss': 0.39976500570774076, 'score': 200.0 'gradients_length': 4
[INFO]-2022-12-01 09:00:20-worker_mqtt_main.py:58:[RECV] TOPIC: Update_Ack, PAYLOAD: 'episode_chief': 39, avg_grad_length: 4 

[INFO]-2022-12-01 09:00:20-worker.py:168:Worker 1-Ep.40: Loss=-0.5662 (EMA: 0.2816, Mean: 0.2889), Score=176.0000 (EMA: 104.1204, Mean: 105.5264)
[INFO]-2022-12-01 09:00:20-worker.py:67:[SEND] TOPIC: Episode_Detail, PAYLOAD: 'episode': 40, 'worker_id': 1 'loss': -0.5661851011216641, 'score': 176.0 'gradients_length': 4
[INFO]-2022-12-01 09:00:21-worker_mqtt_main.py:58:[RECV] TOPIC: Update_Ack, PAYLOAD: 'episode_chief': 40, avg_grad_length: 4 

[INFO]-2022-12-01 09:00:22-worker.py:168:Worker 1-Ep.41: Loss=1.0276 (EMA: 0.2878, Mean: 0.3065), Score=200.0000 (EMA: 118.7372, Mean: 107.7758)
[INFO]-2022-12-01 09:00:22-worker.py:67:[SEND] TOPIC: Episode_Detail, PAYLOAD: 'episode': 41, 'worker_id': 1 'loss': 1.0275517672300338, 'score': 200.0 'gradients_length': 4
[INFO]-2022-12-01 09:00:23-worker_mqtt_main.py:58:[RECV] TOPIC: Update_Ack, PAYLOAD: 'episode_chief': 41, avg_grad_length: 4 

[INFO]-2022-12-01 09:00:23-worker.py:168:Worker 1-Ep.42: Loss=0.0381 (EMA: 0.2742, Mean: 0.3003), Score=200.0000 (EMA: 135.3782, Mean: 109.9205)
[INFO]-2022-12-01 09:00:23-worker.py:67:[SEND] TOPIC: Episode_Detail, PAYLOAD: 'episode': 42, 'worker_id': 1 'loss': 0.0381343811750412, 'score': 200.0 'gradients_length': 4
[INFO]-2022-12-01 09:00:24-worker_mqtt_main.py:58:[RECV] TOPIC: Update_Ack, PAYLOAD: 'episode_chief': 42, avg_grad_length: 4 

[INFO]-2022-12-01 09:00:24-worker.py:168:Worker 1-Ep.43: Loss=-0.6502 (EMA: 0.3155, Mean: 0.2787), Score=200.0000 (EMA: 153.1866, Mean: 111.9678)
[INFO]-2022-12-01 09:00:24-worker.py:67:[SEND] TOPIC: Episode_Detail, PAYLOAD: 'episode': 43, 'worker_id': 1 'loss': -0.6501563265919685, 'score': 200.0 'gradients_length': 4
